running egg_info
creating ../../build/elf_slam/elf_slam.egg-info
writing ../../build/elf_slam/elf_slam.egg-info/PKG-INFO
writing dependency_links to ../../build/elf_slam/elf_slam.egg-info/dependency_links.txt
writing entry points to ../../build/elf_slam/elf_slam.egg-info/entry_points.txt
writing requirements to ../../build/elf_slam/elf_slam.egg-info/requires.txt
writing top-level names to ../../build/elf_slam/elf_slam.egg-info/top_level.txt
writing manifest file '../../build/elf_slam/elf_slam.egg-info/SOURCES.txt'
reading manifest file '../../build/elf_slam/elf_slam.egg-info/SOURCES.txt'
writing manifest file '../../build/elf_slam/elf_slam.egg-info/SOURCES.txt'
running build
running build_py
creating /home/elf/elf_slam_ws/build/elf_slam/build
creating /home/elf/elf_slam_ws/build/elf_slam/build/lib
creating /home/elf/elf_slam_ws/build/elf_slam/build/lib/elf_slam
copying elf_slam/encoder_bridge.py -> /home/elf/elf_slam_ws/build/elf_slam/build/lib/elf_slam
copying elf_slam/scan_stamp_fix.py -> /home/elf/elf_slam_ws/build/elf_slam/build/lib/elf_slam
copying elf_slam/__init__.py -> /home/elf/elf_slam_ws/build/elf_slam/build/lib/elf_slam
copying elf_slam/diff_drive_controller.py -> /home/elf/elf_slam_ws/build/elf_slam/build/lib/elf_slam
running install
running install_lib
creating /home/elf/elf_slam_ws/install/elf_slam/lib/python3.10/site-packages/elf_slam
copying /home/elf/elf_slam_ws/build/elf_slam/build/lib/elf_slam/encoder_bridge.py -> /home/elf/elf_slam_ws/install/elf_slam/lib/python3.10/site-packages/elf_slam
copying /home/elf/elf_slam_ws/build/elf_slam/build/lib/elf_slam/scan_stamp_fix.py -> /home/elf/elf_slam_ws/install/elf_slam/lib/python3.10/site-packages/elf_slam
copying /home/elf/elf_slam_ws/build/elf_slam/build/lib/elf_slam/__init__.py -> /home/elf/elf_slam_ws/install/elf_slam/lib/python3.10/site-packages/elf_slam
copying /home/elf/elf_slam_ws/build/elf_slam/build/lib/elf_slam/diff_drive_controller.py -> /home/elf/elf_slam_ws/install/elf_slam/lib/python3.10/site-packages/elf_slam
byte-compiling /home/elf/elf_slam_ws/install/elf_slam/lib/python3.10/site-packages/elf_slam/encoder_bridge.py to encoder_bridge.cpython-310.pyc
byte-compiling /home/elf/elf_slam_ws/install/elf_slam/lib/python3.10/site-packages/elf_slam/scan_stamp_fix.py to scan_stamp_fix.cpython-310.pyc
byte-compiling /home/elf/elf_slam_ws/install/elf_slam/lib/python3.10/site-packages/elf_slam/__init__.py to __init__.cpython-310.pyc
byte-compiling /home/elf/elf_slam_ws/install/elf_slam/lib/python3.10/site-packages/elf_slam/diff_drive_controller.py to diff_drive_controller.cpython-310.pyc
running install_data
creating /home/elf/elf_slam_ws/install/elf_slam/share/ament_index
creating /home/elf/elf_slam_ws/install/elf_slam/share/ament_index/resource_index
creating /home/elf/elf_slam_ws/install/elf_slam/share/ament_index/resource_index/packages
copying resource/elf_slam -> /home/elf/elf_slam_ws/install/elf_slam/share/ament_index/resource_index/packages
copying package.xml -> /home/elf/elf_slam_ws/install/elf_slam/share/elf_slam
creating /home/elf/elf_slam_ws/install/elf_slam/share/elf_slam/launch
copying launch/online_async_nav_launch.py -> /home/elf/elf_slam_ws/install/elf_slam/share/elf_slam/launch
copying launch/save_map_launch.py -> /home/elf/elf_slam_ws/install/elf_slam/share/elf_slam/launch
copying launch/online_async_launch.py -> /home/elf/elf_slam_ws/install/elf_slam/share/elf_slam/launch
creating /home/elf/elf_slam_ws/install/elf_slam/share/elf_slam/config
copying config/nav2_params_online_slam.yaml -> /home/elf/elf_slam_ws/install/elf_slam/share/elf_slam/config
copying config/diff_drive_params.yaml -> /home/elf/elf_slam_ws/install/elf_slam/share/elf_slam/config
copying config/mapper_params_online_async.yaml -> /home/elf/elf_slam_ws/install/elf_slam/share/elf_slam/config
copying config/nav2_online_slam.rviz -> /home/elf/elf_slam_ws/install/elf_slam/share/elf_slam/config
creating /home/elf/elf_slam_ws/install/elf_slam/share/elf_slam/urdf
copying urdf/elf_robot.urdf -> /home/elf/elf_slam_ws/install/elf_slam/share/elf_slam/urdf
creating /home/elf/elf_slam_ws/install/elf_slam/share/elf_slam/scripts
copying scripts/start_rviz.sh -> /home/elf/elf_slam_ws/install/elf_slam/share/elf_slam/scripts
creating /home/elf/elf_slam_ws/install/elf_slam/lib/elf_slam
copying scripts/encoder_raw -> /home/elf/elf_slam_ws/install/elf_slam/lib/elf_slam
running install_egg_info
Copying ../../build/elf_slam/elf_slam.egg-info to /home/elf/elf_slam_ws/install/elf_slam/lib/python3.10/site-packages/elf_slam-0.0.0-py3.10.egg-info
running install_scripts
Installing diff_drive_controller script to /home/elf/elf_slam_ws/install/elf_slam/lib/elf_slam
Installing encoder_bridge script to /home/elf/elf_slam_ws/install/elf_slam/lib/elf_slam
Installing scan_stamp_fix script to /home/elf/elf_slam_ws/install/elf_slam/lib/elf_slam
writing list of installed files to '/home/elf/elf_slam_ws/build/elf_slam/install.log'
