[1.194s] Invoking command in '/home/elf/elf_slam_ws/build/elf_slam': PYTHONPATH=/home/elf/elf_slam_ws/build/elf_slam/prefix_override:/usr/lib/python3/dist-packages/colcon_core/task/python/colcon_distutils_commands:/home/elf/elf_slam_ws/install/elf_slam/lib/python3.10/site-packages:${PYTHONPATH} /usr/bin/python3 -W ignore:setup.py install is deprecated -W ignore:easy_install command is deprecated setup.py develop --uninstall --editable --build-directory /home/elf/elf_slam_ws/build/elf_slam/build
[1.609s] running develop
[1.919s] Removing /home/elf/elf_slam_ws/install/elf_slam/lib/python3.10/site-packages/elf-slam.egg-link (link to .)
[2.006s] Invoked command in '/home/elf/elf_slam_ws/build/elf_slam' returned '0': PYTHONPATH=/home/elf/elf_slam_ws/build/elf_slam/prefix_override:/usr/lib/python3/dist-packages/colcon_core/task/python/colcon_distutils_commands:/home/elf/elf_slam_ws/install/elf_slam/lib/python3.10/site-packages:${PYTHONPATH} /usr/bin/python3 -W ignore:setup.py install is deprecated -W ignore:easy_install command is deprecated setup.py develop --uninstall --editable --build-directory /home/elf/elf_slam_ws/build/elf_slam/build
[2.011s] Invoking command in '/home/elf/elf_slam_ws/src/elf_slam': PYTHONPATH=/home/elf/elf_slam_ws/build/elf_slam/prefix_override:/usr/lib/python3/dist-packages/colcon_core/task/python/colcon_distutils_commands:/home/elf/elf_slam_ws/install/elf_slam/lib/python3.10/site-packages:${PYTHONPATH} /usr/bin/python3 -W ignore:setup.py install is deprecated -W ignore:easy_install command is deprecated setup.py egg_info --egg-base ../../build/elf_slam build --build-base /home/elf/elf_slam_ws/build/elf_slam/build install --record /home/elf/elf_slam_ws/build/elf_slam/install.log --single-version-externally-managed install_data --force
[2.403s] running egg_info
[2.405s] writing ../../build/elf_slam/elf_slam.egg-info/PKG-INFO
[2.406s] writing dependency_links to ../../build/elf_slam/elf_slam.egg-info/dependency_links.txt
[2.406s] writing entry points to ../../build/elf_slam/elf_slam.egg-info/entry_points.txt
[2.406s] writing requirements to ../../build/elf_slam/elf_slam.egg-info/requires.txt
[2.406s] writing top-level names to ../../build/elf_slam/elf_slam.egg-info/top_level.txt
[2.411s] reading manifest file '../../build/elf_slam/elf_slam.egg-info/SOURCES.txt'
[2.412s] writing manifest file '../../build/elf_slam/elf_slam.egg-info/SOURCES.txt'
[2.412s] running build
[2.412s] running build_py
[2.412s] creating /home/elf/elf_slam_ws/build/elf_slam/build
[2.413s] creating /home/elf/elf_slam_ws/build/elf_slam/build/lib
[2.413s] creating /home/elf/elf_slam_ws/build/elf_slam/build/lib/elf_slam
[2.413s] copying elf_slam/encoder_bridge.py -> /home/elf/elf_slam_ws/build/elf_slam/build/lib/elf_slam
[2.413s] copying elf_slam/scan_stamp_fix.py -> /home/elf/elf_slam_ws/build/elf_slam/build/lib/elf_slam
[2.413s] copying elf_slam/__init__.py -> /home/elf/elf_slam_ws/build/elf_slam/build/lib/elf_slam
[2.413s] copying elf_slam/diff_drive_controller.py -> /home/elf/elf_slam_ws/build/elf_slam/build/lib/elf_slam
[2.413s] running install
[2.414s] running install_lib
[2.415s] creating /home/elf/elf_slam_ws/install/elf_slam/lib/python3.10/site-packages/elf_slam
[2.415s] copying /home/elf/elf_slam_ws/build/elf_slam/build/lib/elf_slam/encoder_bridge.py -> /home/elf/elf_slam_ws/install/elf_slam/lib/python3.10/site-packages/elf_slam
[2.415s] copying /home/elf/elf_slam_ws/build/elf_slam/build/lib/elf_slam/scan_stamp_fix.py -> /home/elf/elf_slam_ws/install/elf_slam/lib/python3.10/site-packages/elf_slam
[2.415s] copying /home/elf/elf_slam_ws/build/elf_slam/build/lib/elf_slam/__init__.py -> /home/elf/elf_slam_ws/install/elf_slam/lib/python3.10/site-packages/elf_slam
[2.415s] copying /home/elf/elf_slam_ws/build/elf_slam/build/lib/elf_slam/diff_drive_controller.py -> /home/elf/elf_slam_ws/install/elf_slam/lib/python3.10/site-packages/elf_slam
[2.416s] byte-compiling /home/elf/elf_slam_ws/install/elf_slam/lib/python3.10/site-packages/elf_slam/encoder_bridge.py to encoder_bridge.cpython-310.pyc
[2.418s] byte-compiling /home/elf/elf_slam_ws/install/elf_slam/lib/python3.10/site-packages/elf_slam/scan_stamp_fix.py to scan_stamp_fix.cpython-310.pyc
[2.420s] byte-compiling /home/elf/elf_slam_ws/install/elf_slam/lib/python3.10/site-packages/elf_slam/__init__.py to __init__.cpython-310.pyc
[2.420s] byte-compiling /home/elf/elf_slam_ws/install/elf_slam/lib/python3.10/site-packages/elf_slam/diff_drive_controller.py to diff_drive_controller.cpython-310.pyc
[2.423s] running install_data
[2.424s] copying resource/elf_slam -> /home/elf/elf_slam_ws/install/elf_slam/share/ament_index/resource_index/packages
[2.425s] copying package.xml -> /home/elf/elf_slam_ws/install/elf_slam/share/elf_slam
[2.425s] copying launch/online_async_nav_launch.py -> /home/elf/elf_slam_ws/install/elf_slam/share/elf_slam/launch
[2.425s] copying launch/save_map_launch.py -> /home/elf/elf_slam_ws/install/elf_slam/share/elf_slam/launch
[2.426s] copying launch/online_async_launch.py -> /home/elf/elf_slam_ws/install/elf_slam/share/elf_slam/launch
[2.427s] copying config/nav2_params_online_slam.yaml -> /home/elf/elf_slam_ws/install/elf_slam/share/elf_slam/config
[2.428s] copying config/diff_drive_params.yaml -> /home/elf/elf_slam_ws/install/elf_slam/share/elf_slam/config
[2.429s] copying config/mapper_params_online_async.yaml -> /home/elf/elf_slam_ws/install/elf_slam/share/elf_slam/config
[2.429s] copying config/nav2_online_slam.rviz -> /home/elf/elf_slam_ws/install/elf_slam/share/elf_slam/config
[2.429s] copying urdf/elf_robot.urdf -> /home/elf/elf_slam_ws/install/elf_slam/share/elf_slam/urdf
[2.430s] copying scripts/start_rviz.sh -> /home/elf/elf_slam_ws/install/elf_slam/share/elf_slam/scripts
[2.430s] copying scripts/encoder_raw -> /home/elf/elf_slam_ws/install/elf_slam/lib/elf_slam
[2.430s] running install_egg_info
[2.432s] Copying ../../build/elf_slam/elf_slam.egg-info to /home/elf/elf_slam_ws/install/elf_slam/lib/python3.10/site-packages/elf_slam-0.0.0-py3.10.egg-info
[2.433s] running install_scripts
[2.471s] Installing diff_drive_controller script to /home/elf/elf_slam_ws/install/elf_slam/lib/elf_slam
[2.472s] Installing encoder_bridge script to /home/elf/elf_slam_ws/install/elf_slam/lib/elf_slam
[2.472s] Installing scan_stamp_fix script to /home/elf/elf_slam_ws/install/elf_slam/lib/elf_slam
[2.473s] writing list of installed files to '/home/elf/elf_slam_ws/build/elf_slam/install.log'
[2.576s] Invoked command in '/home/elf/elf_slam_ws/src/elf_slam' returned '0': PYTHONPATH=/home/elf/elf_slam_ws/build/elf_slam/prefix_override:/usr/lib/python3/dist-packages/colcon_core/task/python/colcon_distutils_commands:/home/elf/elf_slam_ws/install/elf_slam/lib/python3.10/site-packages:${PYTHONPATH} /usr/bin/python3 -W ignore:setup.py install is deprecated -W ignore:easy_install command is deprecated setup.py egg_info --egg-base ../../build/elf_slam build --build-base /home/elf/elf_slam_ws/build/elf_slam/build install --record /home/elf/elf_slam_ws/build/elf_slam/install.log --single-version-externally-managed install_data --force
