[0.457s] Invoking command in '/home/elf/elf_slam_ws/build/lslidar_msgs': CMAKE_PREFIX_PATH=${CMAKE_PREFIX_PATH}:/home/elf/elf_slam_ws/install/imu_ros2_device:/home/elf/elf_slam_ws/install/elf_slam:/opt/ros/humble /usr/bin/cmake /home/elf/elf_slam_ws/src/lslidar_msgs -DCMAKE_INSTALL_PREFIX=/home/elf/elf_slam_ws/install/lslidar_msgs
[0.631s] -- The C compiler identification is GNU 11.4.0
[0.873s] -- The CXX compiler identification is GNU 11.4.0
[0.888s] -- Detecting C compiler ABI info
[1.055s] -- Detecting C compiler ABI info - done
[1.065s] -- Check for working C compiler: /usr/bin/cc - skipped
[1.068s] -- Detecting C compile features
[1.068s] -- Detecting C compile features - done
[1.073s] -- Detecting CXX compiler ABI info
[1.286s] -- Detecting CXX compiler ABI info - done
[1.325s] -- Check for working CXX compiler: /usr/bin/c++ - skipped
[1.326s] -- Detecting CXX compile features
[1.328s] -- Detecting CXX compile features - done
[1.336s] -- Found ament_cmake: 1.3.14 (/opt/ros/humble/share/ament_cmake/cmake)
[1.672s] -- Found Python3: /usr/bin/python3 (found version "3.10.12") found components: Interpreter 
[1.892s] -- Found std_msgs: 4.9.1 (/opt/ros/humble/share/std_msgs/cmake)
[1.940s] -- Found rosidl_generator_c: 3.1.8 (/opt/ros/humble/share/rosidl_generator_c/cmake)
[1.947s] -- Found rosidl_adapter: 3.1.8 (/opt/ros/humble/share/rosidl_adapter/cmake)
[1.960s] -- Found rosidl_generator_cpp: 3.1.8 (/opt/ros/humble/share/rosidl_generator_cpp/cmake)
[1.980s] -- Using all available rosidl_typesupport_c: rosidl_typesupport_fastrtps_c;rosidl_typesupport_introspection_c
[2.006s] -- Using all available rosidl_typesupport_cpp: rosidl_typesupport_fastrtps_cpp;rosidl_typesupport_introspection_cpp
[2.052s] -- Found sensor_msgs: 4.9.1 (/opt/ros/humble/share/sensor_msgs/cmake)
[2.099s] -- Found rosidl_default_generators: 1.2.1 (/opt/ros/humble/share/rosidl_default_generators/cmake)
[2.115s] -- Found ament_lint_auto: 0.12.15 (/opt/ros/humble/share/ament_lint_auto/cmake)
[2.804s] -- Found ament_cmake_ros: 0.10.0 (/opt/ros/humble/share/ament_cmake_ros/cmake)
[3.582s] -- Using all available rosidl_typesupport_c: rosidl_typesupport_fastrtps_c;rosidl_typesupport_introspection_c
[3.875s] -- Using all available rosidl_typesupport_cpp: rosidl_typesupport_fastrtps_cpp;rosidl_typesupport_introspection_cpp
[3.948s] -- Found PythonInterp: /usr/bin/python3 (found suitable version "3.10.12", minimum required is "3.6") 
[3.953s] -- Found python_cmake_module: 0.10.0 (/opt/ros/humble/share/python_cmake_module/cmake)
[4.037s] -- Found PythonLibs: /usr/lib/aarch64-linux-gnu/libpython3.10.so (found suitable version "3.10.12", minimum required is "3.5") 
[4.038s] -- Using PYTHON_EXECUTABLE: /usr/bin/python3
[4.038s] -- Using PYTHON_INCLUDE_DIRS: /usr/include/python3.10
[4.038s] -- Using PYTHON_LIBRARIES: /usr/lib/aarch64-linux-gnu/libpython3.10.so
[4.077s] -- Found PythonExtra: .so  
[4.323s] -- Added test 'copyright' to check source files copyright and LICENSE
[4.329s] -- Added test 'lint_cmake' to check CMake code style
[4.329s] -- Added test 'xmllint' to check XML markup files
[4.336s] -- Configuring done
[4.389s] -- Generating done
[4.406s] -- Build files have been written to: /home/elf/elf_slam_ws/build/lslidar_msgs
[4.442s] Invoked command in '/home/elf/elf_slam_ws/build/lslidar_msgs' returned '0': CMAKE_PREFIX_PATH=${CMAKE_PREFIX_PATH}:/home/elf/elf_slam_ws/install/imu_ros2_device:/home/elf/elf_slam_ws/install/elf_slam:/opt/ros/humble /usr/bin/cmake /home/elf/elf_slam_ws/src/lslidar_msgs -DCMAKE_INSTALL_PREFIX=/home/elf/elf_slam_ws/install/lslidar_msgs
[4.450s] Invoking command in '/home/elf/elf_slam_ws/build/lslidar_msgs': CMAKE_PREFIX_PATH=${CMAKE_PREFIX_PATH}:/home/elf/elf_slam_ws/install/imu_ros2_device:/home/elf/elf_slam_ws/install/elf_slam:/opt/ros/humble /usr/bin/cmake --build /home/elf/elf_slam_ws/build/lslidar_msgs -- -j8 -l8
[4.541s] [  1%] [34m[1mGenerating C code for ROS interfaces[0m
[4.557s] [  3%] [34m[1mGenerating C++ code for ROS interfaces[0m
[4.578s] [  4%] [34m[1mGenerating Rust code for ROS interfaces[0m
[4.587s] [  4%] Built target ament_cmake_python_copy_lslidar_msgs
[4.993s] running egg_info
[4.997s] creating lslidar_msgs.egg-info
[4.998s] writing lslidar_msgs.egg-info/PKG-INFO
[4.998s] writing dependency_links to lslidar_msgs.egg-info/dependency_links.txt
[4.999s] writing top-level names to lslidar_msgs.egg-info/top_level.txt
[4.999s] writing manifest file 'lslidar_msgs.egg-info/SOURCES.txt'
[5.003s] reading manifest file 'lslidar_msgs.egg-info/SOURCES.txt'
[5.005s] writing manifest file 'lslidar_msgs.egg-info/SOURCES.txt'
[5.099s] [  4%] Built target ament_cmake_python_build_lslidar_msgs_egg
[5.142s] [  4%] Built target lslidar_msgs__rs
[5.401s] [  4%] Built target lslidar_msgs__cpp
[5.412s] [  6%] [34m[1mGenerating C++ type support for eProsima Fast-RTPS[0m
[5.422s] [  7%] [34m[1mGenerating C++ introspection for ROS interfaces[0m
[5.456s] [  9%] [34m[1mGenerating C++ type support dispatch for ROS interfaces[0m
[5.512s] [ 12%] [32mBuilding C object CMakeFiles/lslidar_msgs__rosidl_generator_c.dir/rosidl_generator_c/lslidar_msgs/msg/detail/lslidar_point__functions.c.o[0m
[5.512s] [ 12%] [32mBuilding C object CMakeFiles/lslidar_msgs__rosidl_generator_c.dir/rosidl_generator_c/lslidar_msgs/msg/detail/lslidar_sweep__functions.c.o[0m
[5.519s] [ 17%] [32mBuilding C object CMakeFiles/lslidar_msgs__rosidl_generator_c.dir/rosidl_generator_c/lslidar_msgs/msg/detail/lslidar_scan__functions.c.o[0m
[5.520s] [ 17%] [32mBuilding C object CMakeFiles/lslidar_msgs__rosidl_generator_c.dir/rosidl_generator_c/lslidar_msgs/msg/detail/lslidar_packet__functions.c.o[0m
[5.520s] [ 17%] [32mBuilding C object CMakeFiles/lslidar_msgs__rosidl_generator_c.dir/rosidl_generator_c/lslidar_msgs/msg/detail/lslidar_difop__functions.c.o[0m
[5.699s] [ 18%] [32m[1mLinking C shared library liblslidar_msgs__rosidl_generator_c.so[0m
[5.819s] [ 18%] Built target lslidar_msgs__rosidl_generator_c
[5.843s] [ 20%] [34m[1mGenerating C type support for eProsima Fast-RTPS[0m
[5.857s] [ 21%] [34m[1mGenerating C type support dispatch for ROS interfaces[0m
[5.858s] [ 23%] [34m[1mGenerating C introspection for ROS interfaces[0m
[6.219s] [ 25%] [32mBuilding CXX object CMakeFiles/lslidar_msgs__rosidl_typesupport_introspection_cpp.dir/rosidl_typesupport_introspection_cpp/lslidar_msgs/msg/detail/lslidar_difop__type_support.cpp.o[0m
[6.221s] [ 26%] [32mBuilding CXX object CMakeFiles/lslidar_msgs__rosidl_typesupport_introspection_cpp.dir/rosidl_typesupport_introspection_cpp/lslidar_msgs/msg/detail/lslidar_packet__type_support.cpp.o[0m
[6.233s] [ 29%] [32mBuilding CXX object CMakeFiles/lslidar_msgs__rosidl_typesupport_cpp.dir/rosidl_typesupport_cpp/lslidar_msgs/msg/lslidar_difop__type_support.cpp.o[0m
[6.233s] [ 29%] [32mBuilding CXX object CMakeFiles/lslidar_msgs__rosidl_typesupport_introspection_cpp.dir/rosidl_typesupport_introspection_cpp/lslidar_msgs/msg/detail/lslidar_point__type_support.cpp.o[0m
[6.256s] [ 31%] [32mBuilding CXX object CMakeFiles/lslidar_msgs__rosidl_typesupport_fastrtps_cpp.dir/rosidl_typesupport_fastrtps_cpp/lslidar_msgs/msg/detail/dds_fastrtps/lslidar_difop__type_support.cpp.o[0m
[6.851s] [ 32%] [32mBuilding CXX object CMakeFiles/lslidar_msgs__rosidl_typesupport_c.dir/rosidl_typesupport_c/lslidar_msgs/msg/lslidar_difop__type_support.cpp.o[0m
[6.955s] [ 34%] [32mBuilding CXX object CMakeFiles/lslidar_msgs__rosidl_typesupport_c.dir/rosidl_typesupport_c/lslidar_msgs/msg/lslidar_packet__type_support.cpp.o[0m
[6.972s] [ 35%] [32mBuilding CXX object CMakeFiles/lslidar_msgs__rosidl_typesupport_introspection_cpp.dir/rosidl_typesupport_introspection_cpp/lslidar_msgs/msg/detail/lslidar_scan__type_support.cpp.o[0m
[7.007s] [ 37%] [32mBuilding C object CMakeFiles/lslidar_msgs__rosidl_typesupport_introspection_c.dir/rosidl_typesupport_introspection_c/lslidar_msgs/msg/detail/lslidar_difop__type_support.c.o[0m
[7.018s] [ 39%] [32mBuilding CXX object CMakeFiles/lslidar_msgs__rosidl_typesupport_c.dir/rosidl_typesupport_c/lslidar_msgs/msg/lslidar_point__type_support.cpp.o[0m
[7.063s] [ 40%] [32mBuilding CXX object CMakeFiles/lslidar_msgs__rosidl_typesupport_fastrtps_c.dir/rosidl_typesupport_fastrtps_c/lslidar_msgs/msg/detail/lslidar_difop__type_support_c.cpp.o[0m
[7.064s] [ 42%] [32mBuilding C object CMakeFiles/lslidar_msgs__rosidl_typesupport_introspection_c.dir/rosidl_typesupport_introspection_c/lslidar_msgs/msg/detail/lslidar_packet__type_support.c.o[0m
[7.079s] [ 43%] [32mBuilding CXX object CMakeFiles/lslidar_msgs__rosidl_typesupport_c.dir/rosidl_typesupport_c/lslidar_msgs/msg/lslidar_scan__type_support.cpp.o[0m
[7.150s] [ 45%] [32mBuilding C object CMakeFiles/lslidar_msgs__rosidl_typesupport_introspection_c.dir/rosidl_typesupport_introspection_c/lslidar_msgs/msg/detail/lslidar_point__type_support.c.o[0m
[7.162s] [ 46%] [32mBuilding CXX object CMakeFiles/lslidar_msgs__rosidl_typesupport_fastrtps_cpp.dir/rosidl_typesupport_fastrtps_cpp/lslidar_msgs/msg/detail/dds_fastrtps/lslidar_packet__type_support.cpp.o[0m
[7.164s] [ 48%] [32mBuilding CXX object CMakeFiles/lslidar_msgs__rosidl_typesupport_c.dir/rosidl_typesupport_c/lslidar_msgs/msg/lslidar_sweep__type_support.cpp.o[0m
[7.274s] [ 50%] [32m[1mLinking CXX shared library liblslidar_msgs__rosidl_typesupport_c.so[0m
[7.284s] [ 51%] [32mBuilding CXX object CMakeFiles/lslidar_msgs__rosidl_typesupport_introspection_cpp.dir/rosidl_typesupport_introspection_cpp/lslidar_msgs/msg/detail/lslidar_sweep__type_support.cpp.o[0m
[7.297s] [ 53%] [32mBuilding C object CMakeFiles/lslidar_msgs__rosidl_typesupport_introspection_c.dir/rosidl_typesupport_introspection_c/lslidar_msgs/msg/detail/lslidar_scan__type_support.c.o[0m
[7.356s] [ 53%] Built target lslidar_msgs__rosidl_typesupport_c
[7.398s] [ 54%] [32mBuilding C object CMakeFiles/lslidar_msgs__rosidl_typesupport_introspection_c.dir/rosidl_typesupport_introspection_c/lslidar_msgs/msg/detail/lslidar_sweep__type_support.c.o[0m
[7.459s] [ 56%] [32mBuilding CXX object CMakeFiles/lslidar_msgs__rosidl_typesupport_cpp.dir/rosidl_typesupport_cpp/lslidar_msgs/msg/lslidar_packet__type_support.cpp.o[0m
[7.470s] [ 57%] [32mBuilding CXX object CMakeFiles/lslidar_msgs__rosidl_typesupport_fastrtps_cpp.dir/rosidl_typesupport_fastrtps_cpp/lslidar_msgs/msg/detail/dds_fastrtps/lslidar_point__type_support.cpp.o[0m
[7.554s] [ 59%] [32m[1mLinking C shared library liblslidar_msgs__rosidl_typesupport_introspection_c.so[0m
[7.563s] [ 60%] [32mBuilding CXX object CMakeFiles/lslidar_msgs__rosidl_typesupport_fastrtps_c.dir/rosidl_typesupport_fastrtps_c/lslidar_msgs/msg/detail/lslidar_packet__type_support_c.cpp.o[0m
[7.630s] [ 62%] [32mBuilding CXX object CMakeFiles/lslidar_msgs__rosidl_typesupport_fastrtps_c.dir/rosidl_typesupport_fastrtps_c/lslidar_msgs/msg/detail/lslidar_point__type_support_c.cpp.o[0m
[7.669s] [ 62%] Built target lslidar_msgs__rosidl_typesupport_introspection_c
[7.711s] [ 64%] [32mBuilding CXX object CMakeFiles/lslidar_msgs__rosidl_typesupport_fastrtps_c.dir/rosidl_typesupport_fastrtps_c/lslidar_msgs/msg/detail/lslidar_scan__type_support_c.cpp.o[0m
[7.735s] [ 65%] [32mBuilding CXX object CMakeFiles/lslidar_msgs__rosidl_typesupport_fastrtps_cpp.dir/rosidl_typesupport_fastrtps_cpp/lslidar_msgs/msg/detail/dds_fastrtps/lslidar_scan__type_support.cpp.o[0m
[8.042s] [ 67%] [32mBuilding CXX object CMakeFiles/lslidar_msgs__rosidl_typesupport_cpp.dir/rosidl_typesupport_cpp/lslidar_msgs/msg/lslidar_point__type_support.cpp.o[0m
[8.053s] [ 68%] [32mBuilding CXX object CMakeFiles/lslidar_msgs__rosidl_typesupport_fastrtps_cpp.dir/rosidl_typesupport_fastrtps_cpp/lslidar_msgs/msg/detail/dds_fastrtps/lslidar_sweep__type_support.cpp.o[0m
[8.248s] [ 70%] [32mBuilding CXX object CMakeFiles/lslidar_msgs__rosidl_typesupport_fastrtps_c.dir/rosidl_typesupport_fastrtps_c/lslidar_msgs/msg/detail/lslidar_sweep__type_support_c.cpp.o[0m
[8.312s] [ 71%] [32mBuilding CXX object CMakeFiles/lslidar_msgs__rosidl_typesupport_cpp.dir/rosidl_typesupport_cpp/lslidar_msgs/msg/lslidar_scan__type_support.cpp.o[0m
[8.377s] [ 73%] [32mBuilding CXX object CMakeFiles/lslidar_msgs__rosidl_typesupport_cpp.dir/rosidl_typesupport_cpp/lslidar_msgs/msg/lslidar_sweep__type_support.cpp.o[0m
[8.777s] [ 75%] [32m[1mLinking CXX shared library liblslidar_msgs__rosidl_typesupport_fastrtps_c.so[0m
[8.882s] [ 76%] [32m[1mLinking CXX shared library liblslidar_msgs__rosidl_typesupport_fastrtps_cpp.so[0m
[8.905s] [ 78%] [32m[1mLinking CXX shared library liblslidar_msgs__rosidl_typesupport_introspection_cpp.so[0m
[8.952s] [ 78%] Built target lslidar_msgs__rosidl_typesupport_fastrtps_c
[9.022s] [ 79%] [32m[1mLinking CXX shared library liblslidar_msgs__rosidl_typesupport_cpp.so[0m
[9.041s] [ 79%] Built target lslidar_msgs__rosidl_typesupport_introspection_cpp
[9.052s] [ 79%] Built target lslidar_msgs__rosidl_typesupport_fastrtps_cpp
[9.106s] [ 79%] Built target lslidar_msgs__rosidl_typesupport_cpp
[9.156s] [ 79%] Built target lslidar_msgs
[9.208s] [ 81%] [34m[1mGenerating Python code for ROS interfaces[0m
[10.490s] [ 81%] Built target lslidar_msgs__py
[10.527s] [ 82%] [32mBuilding C object CMakeFiles/lslidar_msgs__rosidl_generator_py.dir/rosidl_generator_py/lslidar_msgs/msg/_lslidar_difop_s.c.o[0m
[10.528s] [ 84%] [32mBuilding C object CMakeFiles/lslidar_msgs__rosidl_generator_py.dir/rosidl_generator_py/lslidar_msgs/msg/_lslidar_scan_s.c.o[0m
[10.533s] [ 85%] [32mBuilding C object CMakeFiles/lslidar_msgs__rosidl_generator_py.dir/rosidl_generator_py/lslidar_msgs/msg/_lslidar_packet_s.c.o[0m
[10.538s] [ 89%] [32mBuilding C object CMakeFiles/lslidar_msgs__rosidl_generator_py.dir/rosidl_generator_py/lslidar_msgs/msg/_lslidar_sweep_s.c.o[0m
[10.538s] [ 89%] [32mBuilding C object CMakeFiles/lslidar_msgs__rosidl_generator_py.dir/rosidl_generator_py/lslidar_msgs/msg/_lslidar_point_s.c.o[0m
[10.753s] [ 90%] [32m[1mLinking C shared library rosidl_generator_py/lslidar_msgs/liblslidar_msgs__rosidl_generator_py.so[0m
[10.862s] [ 90%] Built target lslidar_msgs__rosidl_generator_py
[10.896s] [ 92%] [32mBuilding C object CMakeFiles/lslidar_msgs__rosidl_typesupport_c__pyext.dir/rosidl_generator_py/lslidar_msgs/_lslidar_msgs_s.ep.rosidl_typesupport_c.c.o[0m
[10.911s] [ 93%] [32mBuilding C object CMakeFiles/lslidar_msgs__rosidl_typesupport_fastrtps_c__pyext.dir/rosidl_generator_py/lslidar_msgs/_lslidar_msgs_s.ep.rosidl_typesupport_fastrtps_c.c.o[0m
[10.915s] [ 95%] [32mBuilding C object CMakeFiles/lslidar_msgs__rosidl_typesupport_introspection_c__pyext.dir/rosidl_generator_py/lslidar_msgs/_lslidar_msgs_s.ep.rosidl_typesupport_introspection_c.c.o[0m
[11.092s] [ 96%] [32m[1mLinking C shared library rosidl_generator_py/lslidar_msgs/lslidar_msgs_s__rosidl_typesupport_c.cpython-310-aarch64-linux-gnu.so[0m
[11.100s] [ 98%] [32m[1mLinking C shared library rosidl_generator_py/lslidar_msgs/lslidar_msgs_s__rosidl_typesupport_fastrtps_c.cpython-310-aarch64-linux-gnu.so[0m
[11.116s] [100%] [32m[1mLinking C shared library rosidl_generator_py/lslidar_msgs/lslidar_msgs_s__rosidl_typesupport_introspection_c.cpython-310-aarch64-linux-gnu.so[0m
[11.153s] [100%] Built target lslidar_msgs__rosidl_typesupport_c__pyext
[11.170s] [100%] Built target lslidar_msgs__rosidl_typesupport_fastrtps_c__pyext
[11.177s] [100%] Built target lslidar_msgs__rosidl_typesupport_introspection_c__pyext
[11.209s] Invoked command in '/home/elf/elf_slam_ws/build/lslidar_msgs' returned '0': CMAKE_PREFIX_PATH=${CMAKE_PREFIX_PATH}:/home/elf/elf_slam_ws/install/imu_ros2_device:/home/elf/elf_slam_ws/install/elf_slam:/opt/ros/humble /usr/bin/cmake --build /home/elf/elf_slam_ws/build/lslidar_msgs -- -j8 -l8
[11.239s] Invoking command in '/home/elf/elf_slam_ws/build/lslidar_msgs': CMAKE_PREFIX_PATH=${CMAKE_PREFIX_PATH}:/home/elf/elf_slam_ws/install/imu_ros2_device:/home/elf/elf_slam_ws/install/elf_slam:/opt/ros/humble /usr/bin/cmake --install /home/elf/elf_slam_ws/build/lslidar_msgs
[11.265s] -- Install configuration: ""
[11.266s] -- Installing: /home/elf/elf_slam_ws/install/lslidar_msgs/share/ament_index/resource_index/rosidl_interfaces/lslidar_msgs
[11.267s] -- Installing: /home/elf/elf_slam_ws/install/lslidar_msgs/include/lslidar_msgs/lslidar_msgs
[11.267s] -- Installing: /home/elf/elf_slam_ws/install/lslidar_msgs/include/lslidar_msgs/lslidar_msgs/msg
[11.268s] -- Installing: /home/elf/elf_slam_ws/install/lslidar_msgs/include/lslidar_msgs/lslidar_msgs/msg/rosidl_generator_c__visibility_control.h
[11.268s] -- Installing: /home/elf/elf_slam_ws/install/lslidar_msgs/include/lslidar_msgs/lslidar_msgs/msg/lslidar_sweep.h
[11.269s] -- Installing: /home/elf/elf_slam_ws/install/lslidar_msgs/include/lslidar_msgs/lslidar_msgs/msg/lslidar_scan.h
[11.269s] -- Installing: /home/elf/elf_slam_ws/install/lslidar_msgs/include/lslidar_msgs/lslidar_msgs/msg/lslidar_difop.h
[11.269s] -- Installing: /home/elf/elf_slam_ws/install/lslidar_msgs/include/lslidar_msgs/lslidar_msgs/msg/detail
[11.270s] -- Installing: /home/elf/elf_slam_ws/install/lslidar_msgs/include/lslidar_msgs/lslidar_msgs/msg/detail/lslidar_sweep__functions.h
[11.270s] -- Installing: /home/elf/elf_slam_ws/install/lslidar_msgs/include/lslidar_msgs/lslidar_msgs/msg/detail/lslidar_difop__struct.h
[11.271s] -- Installing: /home/elf/elf_slam_ws/install/lslidar_msgs/include/lslidar_msgs/lslidar_msgs/msg/detail/lslidar_point__struct.h
[11.272s] -- Installing: /home/elf/elf_slam_ws/install/lslidar_msgs/include/lslidar_msgs/lslidar_msgs/msg/detail/lslidar_scan__functions.h
[11.272s] -- Installing: /home/elf/elf_slam_ws/install/lslidar_msgs/include/lslidar_msgs/lslidar_msgs/msg/detail/lslidar_point__functions.h
[11.273s] -- Installing: /home/elf/elf_slam_ws/install/lslidar_msgs/include/lslidar_msgs/lslidar_msgs/msg/detail/lslidar_scan__struct.h
[11.274s] -- Installing: /home/elf/elf_slam_ws/install/lslidar_msgs/include/lslidar_msgs/lslidar_msgs/msg/detail/lslidar_point__functions.c
[11.275s] -- Installing: /home/elf/elf_slam_ws/install/lslidar_msgs/include/lslidar_msgs/lslidar_msgs/msg/detail/lslidar_sweep__struct.h
[11.275s] -- Installing: /home/elf/elf_slam_ws/install/lslidar_msgs/include/lslidar_msgs/lslidar_msgs/msg/detail/lslidar_scan__type_support.h
[11.276s] -- Installing: /home/elf/elf_slam_ws/install/lslidar_msgs/include/lslidar_msgs/lslidar_msgs/msg/detail/lslidar_difop__type_support.h
[11.277s] -- Installing: /home/elf/elf_slam_ws/install/lslidar_msgs/include/lslidar_msgs/lslidar_msgs/msg/detail/lslidar_sweep__type_support.h
[11.278s] -- Installing: /home/elf/elf_slam_ws/install/lslidar_msgs/include/lslidar_msgs/lslidar_msgs/msg/detail/lslidar_difop__functions.h
[11.279s] -- Installing: /home/elf/elf_slam_ws/install/lslidar_msgs/include/lslidar_msgs/lslidar_msgs/msg/detail/lslidar_packet__functions.c
[11.279s] -- Installing: /home/elf/elf_slam_ws/install/lslidar_msgs/include/lslidar_msgs/lslidar_msgs/msg/detail/lslidar_sweep__functions.c
[11.280s] -- Installing: /home/elf/elf_slam_ws/install/lslidar_msgs/include/lslidar_msgs/lslidar_msgs/msg/detail/lslidar_packet__type_support.h
[11.280s] -- Installing: /home/elf/elf_slam_ws/install/lslidar_msgs/include/lslidar_msgs/lslidar_msgs/msg/detail/lslidar_scan__functions.c
[11.280s] -- Installing: /home/elf/elf_slam_ws/install/lslidar_msgs/include/lslidar_msgs/lslidar_msgs/msg/detail/lslidar_packet__struct.h
[11.280s] -- Installing: /home/elf/elf_slam_ws/install/lslidar_msgs/include/lslidar_msgs/lslidar_msgs/msg/detail/lslidar_difop__functions.c
[11.280s] -- Installing: /home/elf/elf_slam_ws/install/lslidar_msgs/include/lslidar_msgs/lslidar_msgs/msg/detail/lslidar_packet__functions.h
[11.280s] -- Installing: /home/elf/elf_slam_ws/install/lslidar_msgs/include/lslidar_msgs/lslidar_msgs/msg/detail/lslidar_point__type_support.h
[11.280s] -- Installing: /home/elf/elf_slam_ws/install/lslidar_msgs/include/lslidar_msgs/lslidar_msgs/msg/lslidar_point.h
[11.280s] -- Installing: /home/elf/elf_slam_ws/install/lslidar_msgs/include/lslidar_msgs/lslidar_msgs/msg/lslidar_packet.h
[11.281s] -- Installing: /home/elf/elf_slam_ws/install/lslidar_msgs/share/lslidar_msgs/environment/library_path.sh
[11.281s] -- Installing: /home/elf/elf_slam_ws/install/lslidar_msgs/share/lslidar_msgs/environment/library_path.dsv
[11.281s] -- Installing: /home/elf/elf_slam_ws/install/lslidar_msgs/lib/liblslidar_msgs__rosidl_generator_c.so
[11.282s] -- Set runtime path of "/home/elf/elf_slam_ws/install/lslidar_msgs/lib/liblslidar_msgs__rosidl_generator_c.so" to ""
[11.282s] -- Up-to-date: /home/elf/elf_slam_ws/install/lslidar_msgs/include/lslidar_msgs/lslidar_msgs
[11.283s] -- Up-to-date: /home/elf/elf_slam_ws/install/lslidar_msgs/include/lslidar_msgs/lslidar_msgs/msg
[11.283s] -- Installing: /home/elf/elf_slam_ws/install/lslidar_msgs/include/lslidar_msgs/lslidar_msgs/msg/rosidl_typesupport_fastrtps_c__visibility_control.h
[11.284s] -- Up-to-date: /home/elf/elf_slam_ws/install/lslidar_msgs/include/lslidar_msgs/lslidar_msgs/msg/detail
[11.284s] -- Installing: /home/elf/elf_slam_ws/install/lslidar_msgs/include/lslidar_msgs/lslidar_msgs/msg/detail/lslidar_packet__rosidl_typesupport_fastrtps_c.h
[11.284s] -- Installing: /home/elf/elf_slam_ws/install/lslidar_msgs/include/lslidar_msgs/lslidar_msgs/msg/detail/lslidar_sweep__rosidl_typesupport_fastrtps_c.h
[11.285s] -- Installing: /home/elf/elf_slam_ws/install/lslidar_msgs/include/lslidar_msgs/lslidar_msgs/msg/detail/lslidar_point__rosidl_typesupport_fastrtps_c.h
[11.285s] -- Installing: /home/elf/elf_slam_ws/install/lslidar_msgs/include/lslidar_msgs/lslidar_msgs/msg/detail/lslidar_scan__rosidl_typesupport_fastrtps_c.h
[11.285s] -- Installing: /home/elf/elf_slam_ws/install/lslidar_msgs/include/lslidar_msgs/lslidar_msgs/msg/detail/lslidar_difop__rosidl_typesupport_fastrtps_c.h
[11.286s] -- Installing: /home/elf/elf_slam_ws/install/lslidar_msgs/lib/liblslidar_msgs__rosidl_typesupport_fastrtps_c.so
[11.286s] -- Set runtime path of "/home/elf/elf_slam_ws/install/lslidar_msgs/lib/liblslidar_msgs__rosidl_typesupport_fastrtps_c.so" to ""
[11.286s] -- Up-to-date: /home/elf/elf_slam_ws/install/lslidar_msgs/include/lslidar_msgs/lslidar_msgs
[11.287s] -- Up-to-date: /home/elf/elf_slam_ws/install/lslidar_msgs/include/lslidar_msgs/lslidar_msgs/msg
[11.287s] -- Installing: /home/elf/elf_slam_ws/install/lslidar_msgs/include/lslidar_msgs/lslidar_msgs/msg/lslidar_sweep.hpp
[11.287s] -- Installing: /home/elf/elf_slam_ws/install/lslidar_msgs/include/lslidar_msgs/lslidar_msgs/msg/rosidl_generator_cpp__visibility_control.hpp
[11.288s] -- Installing: /home/elf/elf_slam_ws/install/lslidar_msgs/include/lslidar_msgs/lslidar_msgs/msg/lslidar_point.hpp
[11.288s] -- Installing: /home/elf/elf_slam_ws/install/lslidar_msgs/include/lslidar_msgs/lslidar_msgs/msg/lslidar_scan.hpp
[11.288s] -- Installing: /home/elf/elf_slam_ws/install/lslidar_msgs/include/lslidar_msgs/lslidar_msgs/msg/lslidar_packet.hpp
[11.289s] -- Installing: /home/elf/elf_slam_ws/install/lslidar_msgs/include/lslidar_msgs/lslidar_msgs/msg/lslidar_difop.hpp
[11.289s] -- Up-to-date: /home/elf/elf_slam_ws/install/lslidar_msgs/include/lslidar_msgs/lslidar_msgs/msg/detail
[11.289s] -- Installing: /home/elf/elf_slam_ws/install/lslidar_msgs/include/lslidar_msgs/lslidar_msgs/msg/detail/lslidar_sweep__builder.hpp
[11.289s] -- Installing: /home/elf/elf_slam_ws/install/lslidar_msgs/include/lslidar_msgs/lslidar_msgs/msg/detail/lslidar_point__builder.hpp
[11.290s] -- Installing: /home/elf/elf_slam_ws/install/lslidar_msgs/include/lslidar_msgs/lslidar_msgs/msg/detail/lslidar_point__struct.hpp
[11.290s] -- Installing: /home/elf/elf_slam_ws/install/lslidar_msgs/include/lslidar_msgs/lslidar_msgs/msg/detail/lslidar_difop__type_support.hpp
[11.291s] -- Installing: /home/elf/elf_slam_ws/install/lslidar_msgs/include/lslidar_msgs/lslidar_msgs/msg/detail/lslidar_sweep__traits.hpp
[11.291s] -- Installing: /home/elf/elf_slam_ws/install/lslidar_msgs/include/lslidar_msgs/lslidar_msgs/msg/detail/lslidar_difop__traits.hpp
[11.291s] -- Installing: /home/elf/elf_slam_ws/install/lslidar_msgs/include/lslidar_msgs/lslidar_msgs/msg/detail/lslidar_scan__traits.hpp
[11.292s] -- Installing: /home/elf/elf_slam_ws/install/lslidar_msgs/include/lslidar_msgs/lslidar_msgs/msg/detail/lslidar_point__type_support.hpp
[11.292s] -- Installing: /home/elf/elf_slam_ws/install/lslidar_msgs/include/lslidar_msgs/lslidar_msgs/msg/detail/lslidar_difop__struct.hpp
[11.292s] -- Installing: /home/elf/elf_slam_ws/install/lslidar_msgs/include/lslidar_msgs/lslidar_msgs/msg/detail/lslidar_packet__traits.hpp
[11.292s] -- Installing: /home/elf/elf_slam_ws/install/lslidar_msgs/include/lslidar_msgs/lslidar_msgs/msg/detail/lslidar_sweep__struct.hpp
[11.293s] -- Installing: /home/elf/elf_slam_ws/install/lslidar_msgs/include/lslidar_msgs/lslidar_msgs/msg/detail/lslidar_packet__struct.hpp
[11.293s] -- Installing: /home/elf/elf_slam_ws/install/lslidar_msgs/include/lslidar_msgs/lslidar_msgs/msg/detail/lslidar_packet__builder.hpp
[11.293s] -- Installing: /home/elf/elf_slam_ws/install/lslidar_msgs/include/lslidar_msgs/lslidar_msgs/msg/detail/lslidar_packet__type_support.hpp
[11.294s] -- Installing: /home/elf/elf_slam_ws/install/lslidar_msgs/include/lslidar_msgs/lslidar_msgs/msg/detail/lslidar_point__traits.hpp
[11.294s] -- Installing: /home/elf/elf_slam_ws/install/lslidar_msgs/include/lslidar_msgs/lslidar_msgs/msg/detail/lslidar_scan__struct.hpp
[11.294s] -- Installing: /home/elf/elf_slam_ws/install/lslidar_msgs/include/lslidar_msgs/lslidar_msgs/msg/detail/lslidar_scan__type_support.hpp
[11.295s] -- Installing: /home/elf/elf_slam_ws/install/lslidar_msgs/include/lslidar_msgs/lslidar_msgs/msg/detail/lslidar_scan__builder.hpp
[11.295s] -- Installing: /home/elf/elf_slam_ws/install/lslidar_msgs/include/lslidar_msgs/lslidar_msgs/msg/detail/lslidar_sweep__type_support.hpp
[11.295s] -- Installing: /home/elf/elf_slam_ws/install/lslidar_msgs/include/lslidar_msgs/lslidar_msgs/msg/detail/lslidar_difop__builder.hpp
[11.296s] -- Up-to-date: /home/elf/elf_slam_ws/install/lslidar_msgs/include/lslidar_msgs/lslidar_msgs
[11.296s] -- Up-to-date: /home/elf/elf_slam_ws/install/lslidar_msgs/include/lslidar_msgs/lslidar_msgs/msg
[11.296s] -- Installing: /home/elf/elf_slam_ws/install/lslidar_msgs/include/lslidar_msgs/lslidar_msgs/msg/rosidl_typesupport_fastrtps_cpp__visibility_control.h
[11.297s] -- Up-to-date: /home/elf/elf_slam_ws/install/lslidar_msgs/include/lslidar_msgs/lslidar_msgs/msg/detail
[11.297s] -- Installing: /home/elf/elf_slam_ws/install/lslidar_msgs/include/lslidar_msgs/lslidar_msgs/msg/detail/dds_fastrtps
[11.297s] -- Installing: /home/elf/elf_slam_ws/install/lslidar_msgs/include/lslidar_msgs/lslidar_msgs/msg/detail/lslidar_scan__rosidl_typesupport_fastrtps_cpp.hpp
[11.298s] -- Installing: /home/elf/elf_slam_ws/install/lslidar_msgs/include/lslidar_msgs/lslidar_msgs/msg/detail/lslidar_difop__rosidl_typesupport_fastrtps_cpp.hpp
[11.298s] -- Installing: /home/elf/elf_slam_ws/install/lslidar_msgs/include/lslidar_msgs/lslidar_msgs/msg/detail/lslidar_point__rosidl_typesupport_fastrtps_cpp.hpp
[11.298s] -- Installing: /home/elf/elf_slam_ws/install/lslidar_msgs/include/lslidar_msgs/lslidar_msgs/msg/detail/lslidar_sweep__rosidl_typesupport_fastrtps_cpp.hpp
[11.299s] -- Installing: /home/elf/elf_slam_ws/install/lslidar_msgs/include/lslidar_msgs/lslidar_msgs/msg/detail/lslidar_packet__rosidl_typesupport_fastrtps_cpp.hpp
[11.299s] -- Installing: /home/elf/elf_slam_ws/install/lslidar_msgs/lib/liblslidar_msgs__rosidl_typesupport_fastrtps_cpp.so
[11.299s] -- Set runtime path of "/home/elf/elf_slam_ws/install/lslidar_msgs/lib/liblslidar_msgs__rosidl_typesupport_fastrtps_cpp.so" to ""
[11.300s] -- Up-to-date: /home/elf/elf_slam_ws/install/lslidar_msgs/include/lslidar_msgs/lslidar_msgs
[11.300s] -- Up-to-date: /home/elf/elf_slam_ws/install/lslidar_msgs/include/lslidar_msgs/lslidar_msgs/msg
[11.300s] -- Installing: /home/elf/elf_slam_ws/install/lslidar_msgs/include/lslidar_msgs/lslidar_msgs/msg/rosidl_typesupport_introspection_c__visibility_control.h
[11.301s] -- Up-to-date: /home/elf/elf_slam_ws/install/lslidar_msgs/include/lslidar_msgs/lslidar_msgs/msg/detail
[11.301s] -- Installing: /home/elf/elf_slam_ws/install/lslidar_msgs/include/lslidar_msgs/lslidar_msgs/msg/detail/lslidar_point__type_support.c
[11.301s] -- Installing: /home/elf/elf_slam_ws/install/lslidar_msgs/include/lslidar_msgs/lslidar_msgs/msg/detail/lslidar_scan__type_support.c
[11.302s] -- Installing: /home/elf/elf_slam_ws/install/lslidar_msgs/include/lslidar_msgs/lslidar_msgs/msg/detail/lslidar_scan__rosidl_typesupport_introspection_c.h
[11.302s] -- Installing: /home/elf/elf_slam_ws/install/lslidar_msgs/include/lslidar_msgs/lslidar_msgs/msg/detail/lslidar_sweep__type_support.c
[11.302s] -- Installing: /home/elf/elf_slam_ws/install/lslidar_msgs/include/lslidar_msgs/lslidar_msgs/msg/detail/lslidar_packet__rosidl_typesupport_introspection_c.h
[11.303s] -- Installing: /home/elf/elf_slam_ws/install/lslidar_msgs/include/lslidar_msgs/lslidar_msgs/msg/detail/lslidar_sweep__rosidl_typesupport_introspection_c.h
[11.303s] -- Installing: /home/elf/elf_slam_ws/install/lslidar_msgs/include/lslidar_msgs/lslidar_msgs/msg/detail/lslidar_packet__type_support.c
[11.303s] -- Installing: /home/elf/elf_slam_ws/install/lslidar_msgs/include/lslidar_msgs/lslidar_msgs/msg/detail/lslidar_point__rosidl_typesupport_introspection_c.h
[11.304s] -- Installing: /home/elf/elf_slam_ws/install/lslidar_msgs/include/lslidar_msgs/lslidar_msgs/msg/detail/lslidar_difop__type_support.c
[11.304s] -- Installing: /home/elf/elf_slam_ws/install/lslidar_msgs/include/lslidar_msgs/lslidar_msgs/msg/detail/lslidar_difop__rosidl_typesupport_introspection_c.h
[11.304s] -- Installing: /home/elf/elf_slam_ws/install/lslidar_msgs/lib/liblslidar_msgs__rosidl_typesupport_introspection_c.so
[11.305s] -- Set runtime path of "/home/elf/elf_slam_ws/install/lslidar_msgs/lib/liblslidar_msgs__rosidl_typesupport_introspection_c.so" to ""
[11.305s] -- Installing: /home/elf/elf_slam_ws/install/lslidar_msgs/lib/liblslidar_msgs__rosidl_typesupport_c.so
[11.305s] -- Set runtime path of "/home/elf/elf_slam_ws/install/lslidar_msgs/lib/liblslidar_msgs__rosidl_typesupport_c.so" to ""
[11.306s] -- Up-to-date: /home/elf/elf_slam_ws/install/lslidar_msgs/include/lslidar_msgs/lslidar_msgs
[11.306s] -- Up-to-date: /home/elf/elf_slam_ws/install/lslidar_msgs/include/lslidar_msgs/lslidar_msgs/msg
[11.306s] -- Up-to-date: /home/elf/elf_slam_ws/install/lslidar_msgs/include/lslidar_msgs/lslidar_msgs/msg/detail
[11.307s] -- Installing: /home/elf/elf_slam_ws/install/lslidar_msgs/include/lslidar_msgs/lslidar_msgs/msg/detail/lslidar_scan__rosidl_typesupport_introspection_cpp.hpp
[11.307s] -- Installing: /home/elf/elf_slam_ws/install/lslidar_msgs/include/lslidar_msgs/lslidar_msgs/msg/detail/lslidar_scan__type_support.cpp
[11.307s] -- Installing: /home/elf/elf_slam_ws/install/lslidar_msgs/include/lslidar_msgs/lslidar_msgs/msg/detail/lslidar_difop__rosidl_typesupport_introspection_cpp.hpp
[11.308s] -- Installing: /home/elf/elf_slam_ws/install/lslidar_msgs/include/lslidar_msgs/lslidar_msgs/msg/detail/lslidar_point__rosidl_typesupport_introspection_cpp.hpp
[11.308s] -- Installing: /home/elf/elf_slam_ws/install/lslidar_msgs/include/lslidar_msgs/lslidar_msgs/msg/detail/lslidar_point__type_support.cpp
[11.308s] -- Installing: /home/elf/elf_slam_ws/install/lslidar_msgs/include/lslidar_msgs/lslidar_msgs/msg/detail/lslidar_packet__rosidl_typesupport_introspection_cpp.hpp
[11.309s] -- Installing: /home/elf/elf_slam_ws/install/lslidar_msgs/include/lslidar_msgs/lslidar_msgs/msg/detail/lslidar_difop__type_support.cpp
[11.309s] -- Installing: /home/elf/elf_slam_ws/install/lslidar_msgs/include/lslidar_msgs/lslidar_msgs/msg/detail/lslidar_sweep__rosidl_typesupport_introspection_cpp.hpp
[11.309s] -- Installing: /home/elf/elf_slam_ws/install/lslidar_msgs/include/lslidar_msgs/lslidar_msgs/msg/detail/lslidar_packet__type_support.cpp
[11.310s] -- Installing: /home/elf/elf_slam_ws/install/lslidar_msgs/include/lslidar_msgs/lslidar_msgs/msg/detail/lslidar_sweep__type_support.cpp
[11.310s] -- Installing: /home/elf/elf_slam_ws/install/lslidar_msgs/lib/liblslidar_msgs__rosidl_typesupport_introspection_cpp.so
[11.310s] -- Set runtime path of "/home/elf/elf_slam_ws/install/lslidar_msgs/lib/liblslidar_msgs__rosidl_typesupport_introspection_cpp.so" to ""
[11.311s] -- Installing: /home/elf/elf_slam_ws/install/lslidar_msgs/lib/liblslidar_msgs__rosidl_typesupport_cpp.so
[11.311s] -- Set runtime path of "/home/elf/elf_slam_ws/install/lslidar_msgs/lib/liblslidar_msgs__rosidl_typesupport_cpp.so" to ""
[11.311s] -- Installing: /home/elf/elf_slam_ws/install/lslidar_msgs/share/lslidar_msgs/environment/pythonpath.sh
[11.312s] -- Installing: /home/elf/elf_slam_ws/install/lslidar_msgs/share/lslidar_msgs/environment/pythonpath.dsv
[11.312s] -- Installing: /home/elf/elf_slam_ws/install/lslidar_msgs/local/lib/python3.10/dist-packages/lslidar_msgs-1.2.0-py3.10.egg-info
[11.312s] -- Installing: /home/elf/elf_slam_ws/install/lslidar_msgs/local/lib/python3.10/dist-packages/lslidar_msgs-1.2.0-py3.10.egg-info/top_level.txt
[11.313s] -- Installing: /home/elf/elf_slam_ws/install/lslidar_msgs/local/lib/python3.10/dist-packages/lslidar_msgs-1.2.0-py3.10.egg-info/SOURCES.txt
[11.313s] -- Installing: /home/elf/elf_slam_ws/install/lslidar_msgs/local/lib/python3.10/dist-packages/lslidar_msgs-1.2.0-py3.10.egg-info/PKG-INFO
[11.313s] -- Installing: /home/elf/elf_slam_ws/install/lslidar_msgs/local/lib/python3.10/dist-packages/lslidar_msgs-1.2.0-py3.10.egg-info/dependency_links.txt
[11.314s] -- Installing: /home/elf/elf_slam_ws/install/lslidar_msgs/local/lib/python3.10/dist-packages/lslidar_msgs
[11.314s] -- Installing: /home/elf/elf_slam_ws/install/lslidar_msgs/local/lib/python3.10/dist-packages/lslidar_msgs/msg
[11.314s] -- Installing: /home/elf/elf_slam_ws/install/lslidar_msgs/local/lib/python3.10/dist-packages/lslidar_msgs/msg/_lslidar_point_s.c
[11.315s] -- Installing: /home/elf/elf_slam_ws/install/lslidar_msgs/local/lib/python3.10/dist-packages/lslidar_msgs/msg/_lslidar_point.py
[11.315s] -- Installing: /home/elf/elf_slam_ws/install/lslidar_msgs/local/lib/python3.10/dist-packages/lslidar_msgs/msg/_lslidar_scan_s.c
[11.315s] -- Installing: /home/elf/elf_slam_ws/install/lslidar_msgs/local/lib/python3.10/dist-packages/lslidar_msgs/msg/_lslidar_sweep_s.c
[11.316s] -- Installing: /home/elf/elf_slam_ws/install/lslidar_msgs/local/lib/python3.10/dist-packages/lslidar_msgs/msg/_lslidar_scan.py
[11.316s] -- Installing: /home/elf/elf_slam_ws/install/lslidar_msgs/local/lib/python3.10/dist-packages/lslidar_msgs/msg/__init__.py
[11.316s] -- Installing: /home/elf/elf_slam_ws/install/lslidar_msgs/local/lib/python3.10/dist-packages/lslidar_msgs/msg/_lslidar_difop.py
[11.317s] -- Installing: /home/elf/elf_slam_ws/install/lslidar_msgs/local/lib/python3.10/dist-packages/lslidar_msgs/msg/_lslidar_packet_s.c
[11.317s] -- Installing: /home/elf/elf_slam_ws/install/lslidar_msgs/local/lib/python3.10/dist-packages/lslidar_msgs/msg/_lslidar_difop_s.c
[11.317s] -- Installing: /home/elf/elf_slam_ws/install/lslidar_msgs/local/lib/python3.10/dist-packages/lslidar_msgs/msg/_lslidar_sweep.py
[11.318s] -- Installing: /home/elf/elf_slam_ws/install/lslidar_msgs/local/lib/python3.10/dist-packages/lslidar_msgs/msg/_lslidar_packet.py
[11.318s] -- Installing: /home/elf/elf_slam_ws/install/lslidar_msgs/local/lib/python3.10/dist-packages/lslidar_msgs/_lslidar_msgs_s.ep.rosidl_typesupport_c.c
[11.318s] -- Installing: /home/elf/elf_slam_ws/install/lslidar_msgs/local/lib/python3.10/dist-packages/lslidar_msgs/lslidar_msgs_s__rosidl_typesupport_introspection_c.cpython-310-aarch64-linux-gnu.so
[11.318s] -- Installing: /home/elf/elf_slam_ws/install/lslidar_msgs/local/lib/python3.10/dist-packages/lslidar_msgs/lslidar_msgs_s__rosidl_typesupport_c.cpython-310-aarch64-linux-gnu.so
[11.319s] -- Installing: /home/elf/elf_slam_ws/install/lslidar_msgs/local/lib/python3.10/dist-packages/lslidar_msgs/liblslidar_msgs__rosidl_generator_py.so
[11.319s] -- Installing: /home/elf/elf_slam_ws/install/lslidar_msgs/local/lib/python3.10/dist-packages/lslidar_msgs/_lslidar_msgs_s.ep.rosidl_typesupport_introspection_c.c
[11.319s] -- Installing: /home/elf/elf_slam_ws/install/lslidar_msgs/local/lib/python3.10/dist-packages/lslidar_msgs/__init__.py
[11.320s] -- Installing: /home/elf/elf_slam_ws/install/lslidar_msgs/local/lib/python3.10/dist-packages/lslidar_msgs/lslidar_msgs_s__rosidl_typesupport_fastrtps_c.cpython-310-aarch64-linux-gnu.so
[11.320s] -- Installing: /home/elf/elf_slam_ws/install/lslidar_msgs/local/lib/python3.10/dist-packages/lslidar_msgs/_lslidar_msgs_s.ep.rosidl_typesupport_fastrtps_c.c
[11.342s] Listing '/home/elf/elf_slam_ws/install/lslidar_msgs/local/lib/python3.10/dist-packages/lslidar_msgs'...
[11.342s] Compiling '/home/elf/elf_slam_ws/install/lslidar_msgs/local/lib/python3.10/dist-packages/lslidar_msgs/__init__.py'...
[11.343s] Listing '/home/elf/elf_slam_ws/install/lslidar_msgs/local/lib/python3.10/dist-packages/lslidar_msgs/msg'...
[11.344s] Compiling '/home/elf/elf_slam_ws/install/lslidar_msgs/local/lib/python3.10/dist-packages/lslidar_msgs/msg/__init__.py'...
[11.344s] Compiling '/home/elf/elf_slam_ws/install/lslidar_msgs/local/lib/python3.10/dist-packages/lslidar_msgs/msg/_lslidar_difop.py'...
[11.345s] Compiling '/home/elf/elf_slam_ws/install/lslidar_msgs/local/lib/python3.10/dist-packages/lslidar_msgs/msg/_lslidar_packet.py'...
[11.345s] Compiling '/home/elf/elf_slam_ws/install/lslidar_msgs/local/lib/python3.10/dist-packages/lslidar_msgs/msg/_lslidar_point.py'...
[11.346s] Compiling '/home/elf/elf_slam_ws/install/lslidar_msgs/local/lib/python3.10/dist-packages/lslidar_msgs/msg/_lslidar_scan.py'...
[11.346s] Compiling '/home/elf/elf_slam_ws/install/lslidar_msgs/local/lib/python3.10/dist-packages/lslidar_msgs/msg/_lslidar_sweep.py'...
[11.356s] -- Installing: /home/elf/elf_slam_ws/install/lslidar_msgs/local/lib/python3.10/dist-packages/lslidar_msgs/lslidar_msgs_s__rosidl_typesupport_fastrtps_c.cpython-310-aarch64-linux-gnu.so
[11.356s] -- Set runtime path of "/home/elf/elf_slam_ws/install/lslidar_msgs/local/lib/python3.10/dist-packages/lslidar_msgs/lslidar_msgs_s__rosidl_typesupport_fastrtps_c.cpython-310-aarch64-linux-gnu.so" to ""
[11.356s] -- Installing: /home/elf/elf_slam_ws/install/lslidar_msgs/local/lib/python3.10/dist-packages/lslidar_msgs/lslidar_msgs_s__rosidl_typesupport_introspection_c.cpython-310-aarch64-linux-gnu.so
[11.357s] -- Set runtime path of "/home/elf/elf_slam_ws/install/lslidar_msgs/local/lib/python3.10/dist-packages/lslidar_msgs/lslidar_msgs_s__rosidl_typesupport_introspection_c.cpython-310-aarch64-linux-gnu.so" to ""
[11.357s] -- Installing: /home/elf/elf_slam_ws/install/lslidar_msgs/local/lib/python3.10/dist-packages/lslidar_msgs/lslidar_msgs_s__rosidl_typesupport_c.cpython-310-aarch64-linux-gnu.so
[11.358s] -- Set runtime path of "/home/elf/elf_slam_ws/install/lslidar_msgs/local/lib/python3.10/dist-packages/lslidar_msgs/lslidar_msgs_s__rosidl_typesupport_c.cpython-310-aarch64-linux-gnu.so" to ""
[11.358s] -- Installing: /home/elf/elf_slam_ws/install/lslidar_msgs/lib/liblslidar_msgs__rosidl_generator_py.so
[11.358s] -- Set runtime path of "/home/elf/elf_slam_ws/install/lslidar_msgs/lib/liblslidar_msgs__rosidl_generator_py.so" to ""
[11.359s] -- Installing: /home/elf/elf_slam_ws/install/lslidar_msgs/share/ament_index/resource_index/rust_packages/lslidar_msgs
[11.359s] -- Installing: /home/elf/elf_slam_ws/install/lslidar_msgs/share/lslidar_msgs/rust
[11.359s] -- Installing: /home/elf/elf_slam_ws/install/lslidar_msgs/share/lslidar_msgs/rust/build.rs
[11.359s] -- Installing: /home/elf/elf_slam_ws/install/lslidar_msgs/share/lslidar_msgs/rust/src
[11.359s] -- Installing: /home/elf/elf_slam_ws/install/lslidar_msgs/share/lslidar_msgs/rust/src/msg
[11.359s] -- Installing: /home/elf/elf_slam_ws/install/lslidar_msgs/share/lslidar_msgs/rust/src/msg/rmw.rs
[11.359s] -- Installing: /home/elf/elf_slam_ws/install/lslidar_msgs/share/lslidar_msgs/rust/src/lib.rs
[11.359s] -- Installing: /home/elf/elf_slam_ws/install/lslidar_msgs/share/lslidar_msgs/rust/src/msg.rs
[11.360s] -- Installing: /home/elf/elf_slam_ws/install/lslidar_msgs/share/lslidar_msgs/rust/Cargo.toml
[11.360s] -- Installing: /home/elf/elf_slam_ws/install/lslidar_msgs/share/lslidar_msgs/msg/LslidarDifop.idl
[11.360s] -- Installing: /home/elf/elf_slam_ws/install/lslidar_msgs/share/lslidar_msgs/msg/LslidarPacket.idl
[11.361s] -- Installing: /home/elf/elf_slam_ws/install/lslidar_msgs/share/lslidar_msgs/msg/LslidarPoint.idl
[11.361s] -- Installing: /home/elf/elf_slam_ws/install/lslidar_msgs/share/lslidar_msgs/msg/LslidarScan.idl
[11.361s] -- Installing: /home/elf/elf_slam_ws/install/lslidar_msgs/share/lslidar_msgs/msg/LslidarSweep.idl
[11.361s] -- Installing: /home/elf/elf_slam_ws/install/lslidar_msgs/share/lslidar_msgs/msg/LslidarDifop.msg
[11.361s] -- Installing: /home/elf/elf_slam_ws/install/lslidar_msgs/share/lslidar_msgs/msg/LslidarPacket.msg
[11.361s] -- Installing: /home/elf/elf_slam_ws/install/lslidar_msgs/share/lslidar_msgs/msg/LslidarPoint.msg
[11.361s] -- Installing: /home/elf/elf_slam_ws/install/lslidar_msgs/share/lslidar_msgs/msg/LslidarScan.msg
[11.361s] -- Installing: /home/elf/elf_slam_ws/install/lslidar_msgs/share/lslidar_msgs/msg/LslidarSweep.msg
[11.362s] -- Installing: /home/elf/elf_slam_ws/install/lslidar_msgs/share/ament_index/resource_index/package_run_dependencies/lslidar_msgs
[11.362s] -- Installing: /home/elf/elf_slam_ws/install/lslidar_msgs/share/ament_index/resource_index/parent_prefix_path/lslidar_msgs
[11.362s] -- Installing: /home/elf/elf_slam_ws/install/lslidar_msgs/share/lslidar_msgs/environment/ament_prefix_path.sh
[11.362s] -- Installing: /home/elf/elf_slam_ws/install/lslidar_msgs/share/lslidar_msgs/environment/ament_prefix_path.dsv
[11.362s] -- Installing: /home/elf/elf_slam_ws/install/lslidar_msgs/share/lslidar_msgs/environment/path.sh
[11.362s] -- Installing: /home/elf/elf_slam_ws/install/lslidar_msgs/share/lslidar_msgs/environment/path.dsv
[11.363s] -- Installing: /home/elf/elf_slam_ws/install/lslidar_msgs/share/lslidar_msgs/local_setup.bash
[11.363s] -- Installing: /home/elf/elf_slam_ws/install/lslidar_msgs/share/lslidar_msgs/local_setup.sh
[11.363s] -- Installing: /home/elf/elf_slam_ws/install/lslidar_msgs/share/lslidar_msgs/local_setup.zsh
[11.363s] -- Installing: /home/elf/elf_slam_ws/install/lslidar_msgs/share/lslidar_msgs/local_setup.dsv
[11.363s] -- Installing: /home/elf/elf_slam_ws/install/lslidar_msgs/share/lslidar_msgs/package.dsv
[11.363s] -- Installing: /home/elf/elf_slam_ws/install/lslidar_msgs/share/ament_index/resource_index/packages/lslidar_msgs
[11.363s] -- Installing: /home/elf/elf_slam_ws/install/lslidar_msgs/share/lslidar_msgs/cmake/export_lslidar_msgs__rosidl_generator_cExport.cmake
[11.363s] -- Installing: /home/elf/elf_slam_ws/install/lslidar_msgs/share/lslidar_msgs/cmake/export_lslidar_msgs__rosidl_generator_cExport-noconfig.cmake
[11.363s] -- Installing: /home/elf/elf_slam_ws/install/lslidar_msgs/share/lslidar_msgs/cmake/export_lslidar_msgs__rosidl_typesupport_fastrtps_cExport.cmake
[11.363s] -- Installing: /home/elf/elf_slam_ws/install/lslidar_msgs/share/lslidar_msgs/cmake/export_lslidar_msgs__rosidl_typesupport_fastrtps_cExport-noconfig.cmake
[11.363s] -- Installing: /home/elf/elf_slam_ws/install/lslidar_msgs/share/lslidar_msgs/cmake/export_lslidar_msgs__rosidl_generator_cppExport.cmake
[11.363s] -- Installing: /home/elf/elf_slam_ws/install/lslidar_msgs/share/lslidar_msgs/cmake/export_lslidar_msgs__rosidl_typesupport_fastrtps_cppExport.cmake
[11.363s] -- Installing: /home/elf/elf_slam_ws/install/lslidar_msgs/share/lslidar_msgs/cmake/export_lslidar_msgs__rosidl_typesupport_fastrtps_cppExport-noconfig.cmake
[11.364s] -- Installing: /home/elf/elf_slam_ws/install/lslidar_msgs/share/lslidar_msgs/cmake/lslidar_msgs__rosidl_typesupport_introspection_cExport.cmake
[11.364s] -- Installing: /home/elf/elf_slam_ws/install/lslidar_msgs/share/lslidar_msgs/cmake/lslidar_msgs__rosidl_typesupport_introspection_cExport-noconfig.cmake
[11.364s] -- Installing: /home/elf/elf_slam_ws/install/lslidar_msgs/share/lslidar_msgs/cmake/lslidar_msgs__rosidl_typesupport_cExport.cmake
[11.364s] -- Installing: /home/elf/elf_slam_ws/install/lslidar_msgs/share/lslidar_msgs/cmake/lslidar_msgs__rosidl_typesupport_cExport-noconfig.cmake
[11.364s] -- Installing: /home/elf/elf_slam_ws/install/lslidar_msgs/share/lslidar_msgs/cmake/lslidar_msgs__rosidl_typesupport_introspection_cppExport.cmake
[11.364s] -- Installing: /home/elf/elf_slam_ws/install/lslidar_msgs/share/lslidar_msgs/cmake/lslidar_msgs__rosidl_typesupport_introspection_cppExport-noconfig.cmake
[11.364s] -- Installing: /home/elf/elf_slam_ws/install/lslidar_msgs/share/lslidar_msgs/cmake/lslidar_msgs__rosidl_typesupport_cppExport.cmake
[11.364s] -- Installing: /home/elf/elf_slam_ws/install/lslidar_msgs/share/lslidar_msgs/cmake/lslidar_msgs__rosidl_typesupport_cppExport-noconfig.cmake
[11.364s] -- Installing: /home/elf/elf_slam_ws/install/lslidar_msgs/share/lslidar_msgs/cmake/export_lslidar_msgs__rosidl_generator_pyExport.cmake
[11.364s] -- Installing: /home/elf/elf_slam_ws/install/lslidar_msgs/share/lslidar_msgs/cmake/export_lslidar_msgs__rosidl_generator_pyExport-noconfig.cmake
[11.364s] -- Installing: /home/elf/elf_slam_ws/install/lslidar_msgs/share/lslidar_msgs/cmake/rosidl_cmake-extras.cmake
[11.364s] -- Installing: /home/elf/elf_slam_ws/install/lslidar_msgs/share/lslidar_msgs/cmake/ament_cmake_export_dependencies-extras.cmake
[11.364s] -- Installing: /home/elf/elf_slam_ws/install/lslidar_msgs/share/lslidar_msgs/cmake/ament_cmake_export_include_directories-extras.cmake
[11.365s] -- Installing: /home/elf/elf_slam_ws/install/lslidar_msgs/share/lslidar_msgs/cmake/ament_cmake_export_libraries-extras.cmake
[11.365s] -- Installing: /home/elf/elf_slam_ws/install/lslidar_msgs/share/lslidar_msgs/cmake/ament_cmake_export_targets-extras.cmake
[11.365s] -- Installing: /home/elf/elf_slam_ws/install/lslidar_msgs/share/lslidar_msgs/cmake/rosidl_cmake_export_typesupport_targets-extras.cmake
[11.365s] -- Installing: /home/elf/elf_slam_ws/install/lslidar_msgs/share/lslidar_msgs/cmake/rosidl_cmake_export_typesupport_libraries-extras.cmake
[11.365s] -- Installing: /home/elf/elf_slam_ws/install/lslidar_msgs/share/lslidar_msgs/cmake/lslidar_msgsConfig.cmake
[11.365s] -- Installing: /home/elf/elf_slam_ws/install/lslidar_msgs/share/lslidar_msgs/cmake/lslidar_msgsConfig-version.cmake
[11.365s] -- Installing: /home/elf/elf_slam_ws/install/lslidar_msgs/share/lslidar_msgs/package.xml
[11.373s] Invoked command in '/home/elf/elf_slam_ws/build/lslidar_msgs' returned '0': CMAKE_PREFIX_PATH=${CMAKE_PREFIX_PATH}:/home/elf/elf_slam_ws/install/imu_ros2_device:/home/elf/elf_slam_ws/install/elf_slam:/opt/ros/humble /usr/bin/cmake --install /home/elf/elf_slam_ws/build/lslidar_msgs
