running develop
running egg_info
creating elf_slam.egg-info
writing elf_slam.egg-info/PKG-INFO
writing dependency_links to elf_slam.egg-info/dependency_links.txt
writing entry points to elf_slam.egg-info/entry_points.txt
writing requirements to elf_slam.egg-info/requires.txt
writing top-level names to elf_slam.egg-info/top_level.txt
writing manifest file 'elf_slam.egg-info/SOURCES.txt'
reading manifest file 'elf_slam.egg-info/SOURCES.txt'
writing manifest file 'elf_slam.egg-info/SOURCES.txt'
running build_ext
Creating /home/elf/elf_slam_ws/install/elf_slam/lib/python3.10/site-packages/elf-slam.egg-link (link to .)
Installing diff_drive_controller script to /home/elf/elf_slam_ws/install/elf_slam/lib/elf_slam
Installing encoder_bridge script to /home/elf/elf_slam_ws/install/elf_slam/lib/elf_slam
Installing scan_stamp_fix script to /home/elf/elf_slam_ws/install/elf_slam/lib/elf_slam

Installed /home/elf/elf_slam_ws/build/elf_slam
running symlink_data
creating /home/elf/elf_slam_ws/install/elf_slam/share/ament_index
creating /home/elf/elf_slam_ws/install/elf_slam/share/ament_index/resource_index
creating /home/elf/elf_slam_ws/install/elf_slam/share/ament_index/resource_index/packages
symbolically linking /home/elf/elf_slam_ws/build/elf_slam/resource/elf_slam -> /home/elf/elf_slam_ws/install/elf_slam/share/ament_index/resource_index/packages
symbolically linking /home/elf/elf_slam_ws/build/elf_slam/package.xml -> /home/elf/elf_slam_ws/install/elf_slam/share/elf_slam
creating /home/elf/elf_slam_ws/install/elf_slam/share/elf_slam/launch
symbolically linking /home/elf/elf_slam_ws/build/elf_slam/launch/online_async_nav_launch.py -> /home/elf/elf_slam_ws/install/elf_slam/share/elf_slam/launch
symbolically linking /home/elf/elf_slam_ws/build/elf_slam/launch/save_map_launch.py -> /home/elf/elf_slam_ws/install/elf_slam/share/elf_slam/launch
symbolically linking /home/elf/elf_slam_ws/build/elf_slam/launch/online_async_launch.py -> /home/elf/elf_slam_ws/install/elf_slam/share/elf_slam/launch
creating /home/elf/elf_slam_ws/install/elf_slam/share/elf_slam/config
symbolically linking /home/elf/elf_slam_ws/build/elf_slam/config/nav2_params_online_slam.yaml -> /home/elf/elf_slam_ws/install/elf_slam/share/elf_slam/config
symbolically linking /home/elf/elf_slam_ws/build/elf_slam/config/diff_drive_params.yaml -> /home/elf/elf_slam_ws/install/elf_slam/share/elf_slam/config
symbolically linking /home/elf/elf_slam_ws/build/elf_slam/config/mapper_params_online_async.yaml -> /home/elf/elf_slam_ws/install/elf_slam/share/elf_slam/config
symbolically linking /home/elf/elf_slam_ws/build/elf_slam/config/nav2_online_slam.rviz -> /home/elf/elf_slam_ws/install/elf_slam/share/elf_slam/config
creating /home/elf/elf_slam_ws/install/elf_slam/share/elf_slam/urdf
symbolically linking /home/elf/elf_slam_ws/build/elf_slam/urdf/elf_robot.urdf -> /home/elf/elf_slam_ws/install/elf_slam/share/elf_slam/urdf
creating /home/elf/elf_slam_ws/install/elf_slam/share/elf_slam/scripts
symbolically linking /home/elf/elf_slam_ws/build/elf_slam/scripts/start_rviz.sh -> /home/elf/elf_slam_ws/install/elf_slam/share/elf_slam/scripts
symbolically linking /home/elf/elf_slam_ws/build/elf_slam/scripts/encoder_raw -> /home/elf/elf_slam_ws/install/elf_slam/lib/elf_slam
