[1.081s] Invoking command in '/home/elf/elf_slam_ws/src/elf_slam': PYTHONPATH=/home/elf/elf_slam_ws/build/elf_slam/prefix_override:/usr/lib/python3/dist-packages/colcon_core/task/python/colcon_distutils_commands:/home/elf/elf_slam_ws/install/elf_slam/lib/python3.10/site-packages:${PYTHONPATH} /usr/bin/python3 -W ignore:setup.py install is deprecated -W ignore:easy_install command is deprecated setup.py egg_info --egg-base ../../build/elf_slam build --build-base /home/elf/elf_slam_ws/build/elf_slam/build install --record /home/elf/elf_slam_ws/build/elf_slam/install.log --single-version-externally-managed install_data
[1.495s] running egg_info
[1.496s] writing ../../build/elf_slam/elf_slam.egg-info/PKG-INFO
[1.497s] writing dependency_links to ../../build/elf_slam/elf_slam.egg-info/dependency_links.txt
[1.497s] writing entry points to ../../build/elf_slam/elf_slam.egg-info/entry_points.txt
[1.497s] writing requirements to ../../build/elf_slam/elf_slam.egg-info/requires.txt
[1.497s] writing top-level names to ../../build/elf_slam/elf_slam.egg-info/top_level.txt
[1.502s] reading manifest file '../../build/elf_slam/elf_slam.egg-info/SOURCES.txt'
[1.503s] writing manifest file '../../build/elf_slam/elf_slam.egg-info/SOURCES.txt'
[1.503s] running build
[1.503s] running build_py
[1.504s] running install
[1.505s] running install_lib
[1.507s] running install_data
[1.507s] copying launch/online_async_launch.py -> /home/elf/elf_slam_ws/install/elf_slam/share/elf_slam/launch
[1.507s] copying config/robot_dimensions.yaml -> /home/elf/elf_slam_ws/install/elf_slam/share/elf_slam/config
[1.507s] copying urdf/elf_robot.urdf -> /home/elf/elf_slam_ws/install/elf_slam/share/elf_slam/urdf
[1.508s] running install_egg_info
[1.511s] removing '/home/elf/elf_slam_ws/install/elf_slam/lib/python3.10/site-packages/elf_slam-0.0.0-py3.10.egg-info' (and everything under it)
[1.512s] Copying ../../build/elf_slam/elf_slam.egg-info to /home/elf/elf_slam_ws/install/elf_slam/lib/python3.10/site-packages/elf_slam-0.0.0-py3.10.egg-info
[1.513s] running install_scripts
[1.546s] Installing diff_drive_controller script to /home/elf/elf_slam_ws/install/elf_slam/lib/elf_slam
[1.547s] Installing encoder_bridge script to /home/elf/elf_slam_ws/install/elf_slam/lib/elf_slam
[1.547s] Installing scan_stamp_fix script to /home/elf/elf_slam_ws/install/elf_slam/lib/elf_slam
[1.547s] writing list of installed files to '/home/elf/elf_slam_ws/build/elf_slam/install.log'
[1.623s] Invoked command in '/home/elf/elf_slam_ws/src/elf_slam' returned '0': PYTHONPATH=/home/elf/elf_slam_ws/build/elf_slam/prefix_override:/usr/lib/python3/dist-packages/colcon_core/task/python/colcon_distutils_commands:/home/elf/elf_slam_ws/install/elf_slam/lib/python3.10/site-packages:${PYTHONPATH} /usr/bin/python3 -W ignore:setup.py install is deprecated -W ignore:easy_install command is deprecated setup.py egg_info --egg-base ../../build/elf_slam build --build-base /home/elf/elf_slam_ws/build/elf_slam/build install --record /home/elf/elf_slam_ws/build/elf_slam/install.log --single-version-externally-managed install_data
