/home/elf/elf_slam_ws/install/elf_slam/lib/python3.10/site-packages/elf_slam/encoder_bridge.py
/home/elf/elf_slam_ws/install/elf_slam/lib/python3.10/site-packages/elf_slam/robot_description_publisher.py
/home/elf/elf_slam_ws/install/elf_slam/lib/python3.10/site-packages/elf_slam/scan_stamp_fix.py
/home/elf/elf_slam_ws/install/elf_slam/lib/python3.10/site-packages/elf_slam/__init__.py
/home/elf/elf_slam_ws/install/elf_slam/lib/python3.10/site-packages/elf_slam/diff_drive_controller.py
/home/elf/elf_slam_ws/install/elf_slam/lib/python3.10/site-packages/elf_slam/__pycache__/encoder_bridge.cpython-310.pyc
/home/elf/elf_slam_ws/install/elf_slam/lib/python3.10/site-packages/elf_slam/__pycache__/robot_description_publisher.cpython-310.pyc
/home/elf/elf_slam_ws/install/elf_slam/lib/python3.10/site-packages/elf_slam/__pycache__/scan_stamp_fix.cpython-310.pyc
/home/elf/elf_slam_ws/install/elf_slam/lib/python3.10/site-packages/elf_slam/__pycache__/__init__.cpython-310.pyc
/home/elf/elf_slam_ws/install/elf_slam/lib/python3.10/site-packages/elf_slam/__pycache__/diff_drive_controller.cpython-310.pyc
/home/elf/elf_slam_ws/install/elf_slam/share/ament_index/resource_index/packages/elf_slam
/home/elf/elf_slam_ws/install/elf_slam/share/elf_slam/package.xml
/home/elf/elf_slam_ws/install/elf_slam/share/elf_slam/launch/navigation_launch.py
/home/elf/elf_slam_ws/install/elf_slam/share/elf_slam/launch/online_async_nav_launch.py
/home/elf/elf_slam_ws/install/elf_slam/share/elf_slam/launch/save_map_launch.py
/home/elf/elf_slam_ws/install/elf_slam/share/elf_slam/launch/online_async_launch.py
/home/elf/elf_slam_ws/install/elf_slam/share/elf_slam/config/nav2_params_online_slam.yaml
/home/elf/elf_slam_ws/install/elf_slam/share/elf_slam/config/diff_drive_params.yaml
/home/elf/elf_slam_ws/install/elf_slam/share/elf_slam/config/mapper_params_online_async.yaml
/home/elf/elf_slam_ws/install/elf_slam/share/elf_slam/config/robot_dimensions.yaml
/home/elf/elf_slam_ws/install/elf_slam/share/elf_slam/config/nav2_online_slam.rviz
/home/elf/elf_slam_ws/install/elf_slam/share/elf_slam/urdf/elf_robot.urdf
/home/elf/elf_slam_ws/install/elf_slam/share/elf_slam/scripts/start_rviz.sh
/home/elf/elf_slam_ws/install/elf_slam/lib/elf_slam/encoder_raw
/home/elf/elf_slam_ws/install/elf_slam/lib/python3.10/site-packages/elf_slam-0.0.0-py3.10.egg-info/zip-safe
/home/elf/elf_slam_ws/install/elf_slam/lib/python3.10/site-packages/elf_slam-0.0.0-py3.10.egg-info/top_level.txt
/home/elf/elf_slam_ws/install/elf_slam/lib/python3.10/site-packages/elf_slam-0.0.0-py3.10.egg-info/SOURCES.txt
/home/elf/elf_slam_ws/install/elf_slam/lib/python3.10/site-packages/elf_slam-0.0.0-py3.10.egg-info/PKG-INFO
/home/elf/elf_slam_ws/install/elf_slam/lib/python3.10/site-packages/elf_slam-0.0.0-py3.10.egg-info/dependency_links.txt
/home/elf/elf_slam_ws/install/elf_slam/lib/python3.10/site-packages/elf_slam-0.0.0-py3.10.egg-info/entry_points.txt
/home/elf/elf_slam_ws/install/elf_slam/lib/python3.10/site-packages/elf_slam-0.0.0-py3.10.egg-info/requires.txt
/home/elf/elf_slam_ws/install/elf_slam/lib/elf_slam/diff_drive_controller
/home/elf/elf_slam_ws/install/elf_slam/lib/elf_slam/encoder_bridge
/home/elf/elf_slam_ws/install/elf_slam/lib/elf_slam/robot_description_publisher
/home/elf/elf_slam_ws/install/elf_slam/lib/elf_slam/scan_stamp_fix
