[1.034s] Invoking command in '/home/elf/elf_slam_ws/src/elf_slam': PYTHONPATH=/home/elf/elf_slam_ws/build/elf_slam/prefix_override:/usr/lib/python3/dist-packages/colcon_core/task/python/colcon_distutils_commands:/home/elf/elf_slam_ws/install/elf_slam/lib/python3.10/site-packages:${PYTHONPATH} /usr/bin/python3 -W ignore:setup.py install is deprecated -W ignore:easy_install command is deprecated setup.py egg_info --egg-base ../../build/elf_slam build --build-base /home/elf/elf_slam_ws/build/elf_slam/build install --record /home/elf/elf_slam_ws/build/elf_slam/install.log --single-version-externally-managed install_data
[1.399s] running egg_info
[1.400s] writing ../../build/elf_slam/elf_slam.egg-info/PKG-INFO
[1.401s] writing dependency_links to ../../build/elf_slam/elf_slam.egg-info/dependency_links.txt
[1.401s] writing entry points to ../../build/elf_slam/elf_slam.egg-info/entry_points.txt
[1.402s] writing requirements to ../../build/elf_slam/elf_slam.egg-info/requires.txt
[1.402s] writing top-level names to ../../build/elf_slam/elf_slam.egg-info/top_level.txt
[1.404s] reading manifest file '../../build/elf_slam/elf_slam.egg-info/SOURCES.txt'
[1.405s] writing manifest file '../../build/elf_slam/elf_slam.egg-info/SOURCES.txt'
[1.405s] running build
[1.406s] running build_py
[1.406s] copying elf_slam/encoder_bridge.py -> /home/elf/elf_slam_ws/build/elf_slam/build/lib/elf_slam
[1.407s] copying elf_slam/scan_stamp_fix.py -> /home/elf/elf_slam_ws/build/elf_slam/build/lib/elf_slam
[1.407s] running install
[1.408s] running install_lib
[1.408s] copying /home/elf/elf_slam_ws/build/elf_slam/build/lib/elf_slam/encoder_bridge.py -> /home/elf/elf_slam_ws/install/elf_slam/lib/python3.10/site-packages/elf_slam
[1.408s] copying /home/elf/elf_slam_ws/build/elf_slam/build/lib/elf_slam/scan_stamp_fix.py -> /home/elf/elf_slam_ws/install/elf_slam/lib/python3.10/site-packages/elf_slam
[1.409s] byte-compiling /home/elf/elf_slam_ws/install/elf_slam/lib/python3.10/site-packages/elf_slam/encoder_bridge.py to encoder_bridge.cpython-310.pyc
[1.411s] byte-compiling /home/elf/elf_slam_ws/install/elf_slam/lib/python3.10/site-packages/elf_slam/scan_stamp_fix.py to scan_stamp_fix.cpython-310.pyc
[1.413s] running install_data
[1.414s] copying config/nav2_params_online_slam.yaml -> /home/elf/elf_slam_ws/install/elf_slam/share/elf_slam/config
[1.414s] running install_egg_info
[1.418s] removing '/home/elf/elf_slam_ws/install/elf_slam/lib/python3.10/site-packages/elf_slam-0.0.0-py3.10.egg-info' (and everything under it)
[1.419s] Copying ../../build/elf_slam/elf_slam.egg-info to /home/elf/elf_slam_ws/install/elf_slam/lib/python3.10/site-packages/elf_slam-0.0.0-py3.10.egg-info
[1.419s] running install_scripts
[1.453s] Installing diff_drive_controller script to /home/elf/elf_slam_ws/install/elf_slam/lib/elf_slam
[1.454s] Installing encoder_bridge script to /home/elf/elf_slam_ws/install/elf_slam/lib/elf_slam
[1.455s] Installing robot_description_publisher script to /home/elf/elf_slam_ws/install/elf_slam/lib/elf_slam
[1.455s] Installing scan_stamp_fix script to /home/elf/elf_slam_ws/install/elf_slam/lib/elf_slam
[1.455s] writing list of installed files to '/home/elf/elf_slam_ws/build/elf_slam/install.log'
[1.531s] Invoked command in '/home/elf/elf_slam_ws/src/elf_slam' returned '0': PYTHONPATH=/home/elf/elf_slam_ws/build/elf_slam/prefix_override:/usr/lib/python3/dist-packages/colcon_core/task/python/colcon_distutils_commands:/home/elf/elf_slam_ws/install/elf_slam/lib/python3.10/site-packages:${PYTHONPATH} /usr/bin/python3 -W ignore:setup.py install is deprecated -W ignore:easy_install command is deprecated setup.py egg_info --egg-base ../../build/elf_slam build --build-base /home/elf/elf_slam_ws/build/elf_slam/build install --record /home/elf/elf_slam_ws/build/elf_slam/install.log --single-version-externally-managed install_data
