[0.435s] Invoking command in '/home/elf/elf_slam_ws/build/lslidar_driver': AMENT_PREFIX_PATH=/home/elf/elf_slam_ws/install/lslidar_msgs:${AMENT_PREFIX_PATH} CMAKE_PREFIX_PATH=/home/elf/elf_slam_ws/install/lslidar_msgs:/opt/ros/humble LD_LIBRARY_PATH=/home/elf/elf_slam_ws/install/lslidar_msgs/lib:${LD_LIBRARY_PATH} PYTHONPATH=/home/elf/elf_slam_ws/install/lslidar_msgs/local/lib/python3.10/dist-packages:${PYTHONPATH} /usr/bin/cmake /home/elf/elf_slam_ws/src/lslidar_driver -DAMENT_CMAKE_SYMLINK_INSTALL=1 -DCMAKE_INSTALL_PREFIX=/home/elf/elf_slam_ws/install/lslidar_driver
[0.532s] -- Found Boost: /usr/lib/aarch64-linux-gnu/cmake/Boost-1.74.0/BoostConfig.cmake (found version "1.74.0") found components: thread 
[0.534s] -- Found rclcpp: 16.0.19 (/opt/ros/humble/share/rclcpp/cmake)
[0.797s] -- Override CMake install command with custom implementation using symlinks instead of copying resources
[0.919s] -- Found rosidl_generator_c: 3.1.8 (/opt/ros/humble/share/rosidl_generator_c/cmake)
[0.924s] -- Found rosidl_adapter: 3.1.8 (/opt/ros/humble/share/rosidl_adapter/cmake)
[0.936s] -- Found rosidl_generator_cpp: 3.1.8 (/opt/ros/humble/share/rosidl_generator_cpp/cmake)
[0.954s] -- Using all available rosidl_typesupport_c: rosidl_typesupport_fastrtps_c;rosidl_typesupport_introspection_c
[0.976s] -- Using all available rosidl_typesupport_cpp: rosidl_typesupport_fastrtps_cpp;rosidl_typesupport_introspection_cpp
[1.038s] -- Found rmw_implementation_cmake: 6.1.2 (/opt/ros/humble/share/rmw_implementation_cmake/cmake)
[1.041s] -- Found rmw_fastrtps_cpp: 6.2.10 (/opt/ros/humble/share/rmw_fastrtps_cpp/cmake)
[1.174s] -- Using RMW implementation 'rmw_fastrtps_cpp' as default
[1.290s] -- Eigen found (include: /usr/include/eigen3, version: 3.4.0)
[1.306s] -- Found Boost: /usr/lib/aarch64-linux-gnu/cmake/Boost-1.74.0/BoostConfig.cmake (found suitable version "1.74.0", minimum required is "1.65.0") found components: system filesystem date_time iostreams serialization 
[1.331s] -- FLANN found (include: /usr/include, lib: /usr/lib/aarch64-linux-gnu/libflann_cpp.so)
[2.032s] -- OpenNI found (version: 1.5.4.0, include: /usr/include/ni, lib: /usr/lib/libOpenNI.so;libusb::libusb)
[2.042s] -- OpenNI2 found (version: 2.2.0.33, include: /usr/include/openni2, lib: /usr/lib/aarch64-linux-gnu/libOpenNI2.so;libusb::libusb)
[2.043s] [0m** WARNING ** io features related to pcap will be disabled[0m
[2.275s] -- Eigen found (include: /usr/include/eigen3, version: 3.4.0)
[2.287s] -- OpenNI found (version: 1.5.4.0, include: /usr/include/ni, lib: /usr/lib/libOpenNI.so;libusb::libusb)
[2.298s] -- OpenNI2 found (version: 2.2.0.33, include: /usr/include/openni2, lib: /usr/lib/aarch64-linux-gnu/libOpenNI2.so;libusb::libusb)
[2.520s] -- Found Qhull version 8.0.2
[2.749s] -- OpenNI found (version: 1.5.4.0, include: /usr/include/ni, lib: /usr/lib/libOpenNI.so;libusb::libusb)
[2.967s] -- looking for PCL_COMMON
[2.967s] -- looking for PCL_KDTREE
[2.968s] -- looking for PCL_OCTREE
[2.968s] -- looking for PCL_SEARCH
[2.969s] -- looking for PCL_SAMPLE_CONSENSUS
[2.969s] -- looking for PCL_FILTERS
[2.970s] -- looking for PCL_2D
[2.970s] -- looking for PCL_GEOMETRY
[2.970s] -- looking for PCL_IO
[2.971s] -- looking for PCL_FEATURES
[2.971s] -- looking for PCL_ML
[2.972s] -- looking for PCL_SEGMENTATION
[2.973s] -- looking for PCL_VISUALIZATION
[2.973s] -- looking for PCL_SURFACE
[2.974s] -- looking for PCL_REGISTRATION
[2.974s] -- looking for PCL_KEYPOINTS
[2.975s] -- looking for PCL_TRACKING
[2.975s] -- looking for PCL_RECOGNITION
[2.976s] -- looking for PCL_STEREO
[2.976s] -- looking for PCL_APPS
[2.977s] -- looking for PCL_IN_HAND_SCANNER
[2.978s] -- looking for PCL_MODELER
[2.978s] -- looking for PCL_POINT_CLOUD_EDITOR
[2.978s] -- looking for PCL_OUTOFCORE
[2.979s] -- looking for PCL_PEOPLE
[2.984s] -- Found diagnostic_updater: 4.0.6 (/opt/ros/humble/share/diagnostic_updater/cmake)
[3.014s] -- Found lslidar_msgs: 1.2.0 (/home/elf/elf_slam_ws/install/lslidar_msgs/share/lslidar_msgs/cmake)
[3.038s] -- Found pluginlib: 5.1.3 (/opt/ros/humble/share/pluginlib/cmake)
[3.055s] -- Found pcl_conversions: 2.4.5 (/opt/ros/humble/share/pcl_conversions/cmake)
[3.295s] -- Configuring done
[3.418s] -- Generating done
[3.436s] -- Build files have been written to: /home/elf/elf_slam_ws/build/lslidar_driver
