[1.027s] Invoking command in '/home/elf/elf_slam_ws/src/elf_slam': PYTHONPATH=/home/elf/elf_slam_ws/build/elf_slam/prefix_override:/usr/lib/python3/dist-packages/colcon_core/task/python/colcon_distutils_commands:/home/elf/elf_slam_ws/install/elf_slam/lib/python3.10/site-packages:${PYTHONPATH} /usr/bin/python3 -W ignore:setup.py install is deprecated -W ignore:easy_install command is deprecated setup.py egg_info --egg-base ../../build/elf_slam build --build-base /home/elf/elf_slam_ws/build/elf_slam/build install --record /home/elf/elf_slam_ws/build/elf_slam/install.log --single-version-externally-managed install_data
[1.369s] running egg_info
[1.370s] writing ../../build/elf_slam/elf_slam.egg-info/PKG-INFO
[1.371s] writing dependency_links to ../../build/elf_slam/elf_slam.egg-info/dependency_links.txt
[1.371s] writing entry points to ../../build/elf_slam/elf_slam.egg-info/entry_points.txt
[1.371s] writing requirements to ../../build/elf_slam/elf_slam.egg-info/requires.txt
[1.371s] writing top-level names to ../../build/elf_slam/elf_slam.egg-info/top_level.txt
[1.375s] reading manifest file '../../build/elf_slam/elf_slam.egg-info/SOURCES.txt'
[1.376s] writing manifest file '../../build/elf_slam/elf_slam.egg-info/SOURCES.txt'
[1.376s] running build
[1.377s] running build_py
[1.377s] running install
[1.377s] running install_lib
[1.379s] running install_data
[1.379s] running install_egg_info
[1.382s] removing '/home/elf/elf_slam_ws/install/elf_slam/lib/python3.10/site-packages/elf_slam-0.0.0-py3.10.egg-info' (and everything under it)
[1.383s] Copying ../../build/elf_slam/elf_slam.egg-info to /home/elf/elf_slam_ws/install/elf_slam/lib/python3.10/site-packages/elf_slam-0.0.0-py3.10.egg-info
[1.383s] running install_scripts
[1.415s] Installing diff_drive_controller script to /home/elf/elf_slam_ws/install/elf_slam/lib/elf_slam
[1.416s] Installing encoder_bridge script to /home/elf/elf_slam_ws/install/elf_slam/lib/elf_slam
[1.416s] Installing robot_description_publisher script to /home/elf/elf_slam_ws/install/elf_slam/lib/elf_slam
[1.416s] Installing scan_stamp_fix script to /home/elf/elf_slam_ws/install/elf_slam/lib/elf_slam
[1.417s] writing list of installed files to '/home/elf/elf_slam_ws/build/elf_slam/install.log'
[1.508s] Invoked command in '/home/elf/elf_slam_ws/src/elf_slam' returned '0': PYTHONPATH=/home/elf/elf_slam_ws/build/elf_slam/prefix_override:/usr/lib/python3/dist-packages/colcon_core/task/python/colcon_distutils_commands:/home/elf/elf_slam_ws/install/elf_slam/lib/python3.10/site-packages:${PYTHONPATH} /usr/bin/python3 -W ignore:setup.py install is deprecated -W ignore:easy_install command is deprecated setup.py egg_info --egg-base ../../build/elf_slam build --build-base /home/elf/elf_slam_ws/build/elf_slam/build install --record /home/elf/elf_slam_ws/build/elf_slam/install.log --single-version-externally-managed install_data
